Using pre-set license
Built from '2022.3/staging' branch; Version is '2022.3.24f1 (334eb2a0b267) revision 3362482'; Using compiler version '192829333'; Build Type 'Release'
OS: 'Windows 11  (10.0.22631) 64bit Professional' Language: 'en' Physical Memory: 24434 MB
BatchMode: 1, IsHumanControllingUs: 0, StartBugReporterOnCrash: 0, Is64bit: 1, IsPro: 1

COMMAND LINE ARGUMENTS:
C:\Program Files\Unity\Hub\Editor\2022.3.24f1\Editor\Unity.exe
-adb2
-batchMode
-noUpm
-name
AssetImportWorker1
-projectPath
C:/Users/Arjit Kumar/Desktop/The Watch/The Watch
-logFile
Logs/AssetImportWorker1.log
-srvPort
52325
Successfully changed project path to: C:/Users/Arjit Kumar/Desktop/The Watch/The Watch
C:/Users/Arjit Kumar/Desktop/The Watch/The Watch
[UnityMemory] Configuration Parameters - Can be set up in boot.config
    "memorysetup-bucket-allocator-granularity=16"
    "memorysetup-bucket-allocator-bucket-count=8"
    "memorysetup-bucket-allocator-block-size=33554432"
    "memorysetup-bucket-allocator-block-count=8"
    "memorysetup-main-allocator-block-size=16777216"
    "memorysetup-thread-allocator-block-size=16777216"
    "memorysetup-gfx-main-allocator-block-size=16777216"
    "memorysetup-gfx-thread-allocator-block-size=16777216"
    "memorysetup-cache-allocator-block-size=4194304"
    "memorysetup-typetree-allocator-block-size=2097152"
    "memorysetup-profiler-bucket-allocator-granularity=16"
    "memorysetup-profiler-bucket-allocator-bucket-count=8"
    "memorysetup-profiler-bucket-allocator-block-size=33554432"
    "memorysetup-profiler-bucket-allocator-block-count=8"
    "memorysetup-profiler-allocator-block-size=16777216"
    "memorysetup-profiler-editor-allocator-block-size=1048576"
    "memorysetup-temp-allocator-size-main=16777216"
    "memorysetup-job-temp-allocator-block-size=2097152"
    "memorysetup-job-temp-allocator-block-size-background=1048576"
    "memorysetup-job-temp-allocator-reduction-small-platforms=262144"
    "memorysetup-allocator-temp-initial-block-size-main=262144"
    "memorysetup-allocator-temp-initial-block-size-worker=262144"
    "memorysetup-temp-allocator-size-background-worker=32768"
    "memorysetup-temp-allocator-size-job-worker=262144"
    "memorysetup-temp-allocator-size-preload-manager=33554432"
    "memorysetup-temp-allocator-size-nav-mesh-worker=65536"
    "memorysetup-temp-allocator-size-audio-worker=65536"
    "memorysetup-temp-allocator-size-cloud-worker=32768"
    "memorysetup-temp-allocator-size-gi-baking-worker=262144"
    "memorysetup-temp-allocator-size-gfx=262144"
Player connection [9012] Host "[IP] 192.168.29.240 [Port] 0 [Flags] 2 [Guid] 411813063 [EditorId] 411813063 [Version] 1048832 [Id] WindowsEditor(7,DESKTOP-I8I8OKE) [Debug] 1 [PackageName] WindowsEditor [ProjectName] Editor" joined multi-casting on [225.0.0.222:54997]...

Player connection [9012] Host "[IP] 192.168.29.240 [Port] 0 [Flags] 2 [Guid] 411813063 [EditorId] 411813063 [Version] 1048832 [Id] WindowsEditor(7,DESKTOP-I8I8OKE) [Debug] 1 [PackageName] WindowsEditor [ProjectName] Editor" joined alternative multi-casting on [225.0.0.222:34997]...

[Physics::Module] Initialized MultithreadedJobDispatcher with 7 workers.
Refreshing native plugins compatible for Editor in 17.30 ms, found 3 plugins.
Preloading 0 native plugins for Editor in 0.00 ms.
Initialize engine version: 2022.3.24f1 (334eb2a0b267)
[Subsystems] Discovering subsystems at path C:/Program Files/Unity/Hub/Editor/2022.3.24f1/Editor/Data/Resources/UnitySubsystems
[Subsystems] Discovering subsystems at path C:/Users/Arjit Kumar/Desktop/The Watch/The Watch/Assets
GfxDevice: creating device client; threaded=0; jobified=0
Direct3D:
    Version:  Direct3D 11.0 [level 11.1]
    Renderer: Intel(R) UHD Graphics 620 (ID=0x5917)
    Vendor:   Intel
    VRAM:     12217 MB
    Driver:   31.0.101.2115
Initialize mono
Mono path[0] = 'C:/Program Files/Unity/Hub/Editor/2022.3.24f1/Editor/Data/Managed'
Mono path[1] = 'C:/Program Files/Unity/Hub/Editor/2022.3.24f1/Editor/Data/MonoBleedingEdge/lib/mono/unityjit-win32'
Mono config path = 'C:/Program Files/Unity/Hub/Editor/2022.3.24f1/Editor/Data/MonoBleedingEdge/etc'
Using monoOptions --debugger-agent=transport=dt_socket,embedding=1,server=y,suspend=n,address=127.0.0.1:56920
Begin MonoManager ReloadAssembly
Registering precompiled unity dll's ...
Register platform support module: C:/Program Files/Unity/Hub/Editor/2022.3.24f1/Editor/Data/PlaybackEngines/WindowsStandaloneSupport/UnityEditor.WindowsStandalone.Extensions.dll
Registered in 0.009922 seconds.
- Loaded All Assemblies, in  0.714 seconds
Native extension for WindowsStandalone target not found
Mono: successfully reloaded assembly
- Finished resetting the current domain, in  0.695 seconds
Domain Reload Profiling: 1408ms
	BeginReloadAssembly (215ms)
		ExecutionOrderSort (0ms)
		DisableScriptedObjects (0ms)
		BackupInstance (0ms)
		ReleaseScriptingObjects (0ms)
		CreateAndSetChildDomain (2ms)
	RebuildCommonClasses (62ms)
	RebuildNativeTypeToScriptingClass (22ms)
	initialDomainReloadingComplete (113ms)
	LoadAllAssembliesAndSetupDomain (300ms)
		LoadAssemblies (213ms)
		RebuildTransferFunctionScriptingTraits (0ms)
		AnalyzeDomain (297ms)
			TypeCache.Refresh (294ms)
				TypeCache.ScanAssembly (267ms)
			ScanForSourceGeneratedMonoScriptInfo (0ms)
			ResolveRequiredComponents (1ms)
	FinalizeReload (697ms)
		ReleaseScriptCaches (0ms)
		RebuildScriptCaches (0ms)
		SetupLoadedEditorAssemblies (568ms)
			LogAssemblyErrors (0ms)
			InitializePlatformSupportModulesInManaged (16ms)
			SetLoadedEditorAssemblies (17ms)
			RefreshPlugins (0ms)
			BeforeProcessingInitializeOnLoad (5ms)
			ProcessInitializeOnLoadAttributes (423ms)
			ProcessInitializeOnLoadMethodAttributes (107ms)
			AfterProcessingInitializeOnLoad (0ms)
			EditorAssembliesLoaded (0ms)
		ExecutionOrderSort2 (0ms)
		AwakeInstancesAfterBackupRestoration (0ms)
========================================================================
Worker process is ready to serve import requests
Begin MonoManager ReloadAssembly
- Loaded All Assemblies, in  1.145 seconds
Refreshing native plugins compatible for Editor in 5.62 ms, found 3 plugins.
Native extension for WindowsStandalone target not found
Package Manager log level set to [2]
[Package Manager] Server::EnsureServerProcessIsRunning -- launch failed, reason: Unity was launched with the -noUpm command-line argument
[Package Manager] UpmClient::Send -- Unable to send message (not connected to UPM process).
[Package Manager] Cannot connect to Unity Package Manager local server
Mono: successfully reloaded assembly
- Finished resetting the current domain, in  0.855 seconds
Domain Reload Profiling: 1997ms
	BeginReloadAssembly (295ms)
		ExecutionOrderSort (0ms)
		DisableScriptedObjects (8ms)
		BackupInstance (0ms)
		ReleaseScriptingObjects (0ms)
		CreateAndSetChildDomain (39ms)
	RebuildCommonClasses (80ms)
	RebuildNativeTypeToScriptingClass (32ms)
	initialDomainReloadingComplete (82ms)
	LoadAllAssembliesAndSetupDomain (653ms)
		LoadAssemblies (540ms)
		RebuildTransferFunctionScriptingTraits (0ms)
		AnalyzeDomain (272ms)
			TypeCache.Refresh (224ms)
				TypeCache.ScanAssembly (205ms)
			ScanForSourceGeneratedMonoScriptInfo (30ms)
			ResolveRequiredComponents (15ms)
	FinalizeReload (856ms)
		ReleaseScriptCaches (0ms)
		RebuildScriptCaches (0ms)
		SetupLoadedEditorAssemblies (627ms)
			LogAssemblyErrors (0ms)
			InitializePlatformSupportModulesInManaged (6ms)
			SetLoadedEditorAssemblies (4ms)
			RefreshPlugins (0ms)
			BeforeProcessingInitializeOnLoad (87ms)
			ProcessInitializeOnLoadAttributes (437ms)
			ProcessInitializeOnLoadMethodAttributes (86ms)
			AfterProcessingInitializeOnLoad (6ms)
			EditorAssembliesLoaded (0ms)
		ExecutionOrderSort2 (0ms)
		AwakeInstancesAfterBackupRestoration (9ms)
Launched and connected shader compiler UnityShaderCompiler.exe after 0.05 seconds
Refreshing native plugins compatible for Editor in 3.68 ms, found 3 plugins.
Preloading 0 native plugins for Editor in 0.00 ms.
Unloading 5371 Unused Serialized files (Serialized files now loaded: 0)
Unloading 71 unused Assets / (0.6 MB). Loaded Objects now: 5831.
Memory consumption went from 223.8 MB to 223.1 MB.
Total: 5.360600 ms (FindLiveObjects: 0.577900 ms CreateObjectMapping: 0.579200 ms MarkObjects: 3.692300 ms  DeleteObjects: 0.509900 ms)

AssetImportParameters requested are different than current active one (requested -> active):
  custom:container-demuxer-ogg: 62fdf1f143b41e24485cea50d1cbac27 -> 
  custom:video-decoder-ogg-theora: a1e56fd34408186e4bbccfd4996cb3dc -> 
  custom:framework-win-MediaFoundation: 216162199b28c13a410421893ffa2e32 -> 
  custom:CustomObjectIndexerAttribute: 72b91833f83ae208fae7752999fa3104 -> 
  custom:container-demuxer-webm: 4f35f7cbe854078d1ac9338744f61a02 -> 
  custom:container-muxer-webm: aa71ff27fc2769a1b78a27578f13a17b -> 
  custom:video-decoder-webm-vp8: 9c59270c3fd7afecdb556c50c9e8de78 -> 
  custom:SearchIndexIgnoredProperties: e643bd26f0fe6173181afceb89e7c659 -> 
  custom:AudioImporter_EditorPlatform: d09bf68614088b80899f8185d706f6e7 -> 
  custom:video-encoder-webm-vp8: eb34c28f22e8b96e1ab97ce403110664 -> 
  custom:audio-decoder-ogg-vorbis: bf7c407c2cedff20999df2af8eb42d56 -> 
  custom:audio-encoder-webm-vorbis: bf7c407c2cedff20999df2af8eb42d56 -> 
========================================================================
Received Import Request.
  Time since last request: 16686.229608 seconds.
  path: Assets/Materials 1
  artifactKey: Guid(3c7b56ccb0800c3458ccb9f68634fd53) Importer(815301076,1909f56bfc062723c751e8b465ee728b)
Start importing Assets/Materials 1 using Guid(3c7b56ccb0800c3458ccb9f68634fd53) Importer(815301076,1909f56bfc062723c751e8b465ee728b)  -> (artifact id: 'df65b6a1130f8c07519e08de99c5b9ee') in 0.001888 seconds
Number of updated asset objects reloaded before import = 0
Number of asset objects unloaded after import = 0
========================================================================
Received Import Request.
  Time since last request: 13.854089 seconds.
  path: Assets/Materials/internal_ground_ao_texture.mat
  artifactKey: Guid(d55c472e3caaa464591b8d7ea0b6b370) Importer(815301076,1909f56bfc062723c751e8b465ee728b)
Start importing Assets/Materials/internal_ground_ao_texture.mat using Guid(d55c472e3caaa464591b8d7ea0b6b370) Importer(815301076,1909f56bfc062723c751e8b465ee728b)  -> (artifact id: 'af1e8a894734104071ea5678cf6c6907') in 0.596392 seconds
Number of updated asset objects reloaded before import = 0
Number of asset objects unloaded after import = 3
========================================================================
Received Import Request.
  Time since last request: 417.946624 seconds.
  path: Assets/Models/untitled.fbx
  artifactKey: Guid(fa88800473dad4a48ab68f444f682db2) Importer(815301076,1909f56bfc062723c751e8b465ee728b)
Start importing Assets/Models/untitled.fbx using Guid(fa88800473dad4a48ab68f444f682db2) Importer(815301076,1909f56bfc062723c751e8b465ee728b)  -> (artifact id: '60c49852b8fcb2ed76402f1104698e4f') in 0.189764 seconds
Number of updated asset objects reloaded before import = 0
Number of asset objects unloaded after import = 9
========================================================================
Received Import Request.
  Time since last request: 189.594262 seconds.
  path: Assets/Textures/destroyed-debris1.jpeg
  artifactKey: Guid(d35bcf5449aec3f46a843fafd0297489) Importer(815301076,1909f56bfc062723c751e8b465ee728b)
Start importing Assets/Textures/destroyed-debris1.jpeg using Guid(d35bcf5449aec3f46a843fafd0297489) Importer(815301076,1909f56bfc062723c751e8b465ee728b)  -> (artifact id: '983823642e3329aa1bd0bceaeb270d23') in 0.050950 seconds
Number of updated asset objects reloaded before import = 0
Number of asset objects unloaded after import = 2
========================================================================
Received Import Request.
  Time since last request: 85.841211 seconds.
  path: Assets/Settings/URP-Balanced.asset
  artifactKey: Guid(e1260c1148f6143b28bae5ace5e9c5d1) Importer(815301076,1909f56bfc062723c751e8b465ee728b)
Start importing Assets/Settings/URP-Balanced.asset using Guid(e1260c1148f6143b28bae5ace5e9c5d1) Importer(815301076,1909f56bfc062723c751e8b465ee728b)  -> (artifact id: '62266b29a5ba2f7d70f99697e7d6347b') in 0.004243 seconds
Number of updated asset objects reloaded before import = 0
Number of asset objects unloaded after import = 3
========================================================================
Received Import Request.
  Time since last request: 0.000021 seconds.
  path: Assets/Settings/URP-HighFidelity.asset
  artifactKey: Guid(7b7fd9122c28c4d15b667c7040e3b3fd) Importer(815301076,1909f56bfc062723c751e8b465ee728b)
Start importing Assets/Settings/URP-HighFidelity.asset using Guid(7b7fd9122c28c4d15b667c7040e3b3fd) Importer(815301076,1909f56bfc062723c751e8b465ee728b)  -> (artifact id: '61d519602f1eb64de9e3c7bf13707cc2') in 0.001077 seconds
Number of updated asset objects reloaded before import = 0
Number of asset objects unloaded after import = 0
========================================================================
Received Import Request.
  Time since last request: 0.000041 seconds.
  path: Assets/Settings/URP-Performant-Renderer.asset
  artifactKey: Guid(707360a9c581a4bd7aa53bfeb1429f71) Importer(815301076,1909f56bfc062723c751e8b465ee728b)
Start importing Assets/Settings/URP-Performant-Renderer.asset using Guid(707360a9c581a4bd7aa53bfeb1429f71) Importer(815301076,1909f56bfc062723c751e8b465ee728b)  -> (artifact id: 'bb2982116256b28d1ec38429e53eb6a6') in 0.003868 seconds
Number of updated asset objects reloaded before import = 0
Number of asset objects unloaded after import = 1
========================================================================
Received Import Request.
  Time since last request: 1340.864895 seconds.
  path: Assets/Editor/RoadArchitect/RoadArchitect-master/Materials/FedSigns/330/GSDFedSign-330-MedianAlertLeft.mat
  artifactKey: Guid(5b0d79f541e7d8c45aba2e5caa1e166e) Importer(815301076,1909f56bfc062723c751e8b465ee728b)
Start importing Assets/Editor/RoadArchitect/RoadArchitect-master/Materials/FedSigns/330/GSDFedSign-330-MedianAlertLeft.mat using Guid(5b0d79f541e7d8c45aba2e5caa1e166e) Importer(815301076,1909f56bfc062723c751e8b465ee728b)  -> (artifact id: '28fc3b2db7783f91dd32b325136b98bc') in 0.047758 seconds
Number of updated asset objects reloaded before import = 0
Number of asset objects unloaded after import = 4
========================================================================
Received Import Request.
  Time since last request: 0.000039 seconds.
  path: Assets/Editor/RoadArchitect/RoadArchitect-master/Materials/FedSigns/330/GSDFedSign-330-MedianAlertRight.mat
  artifactKey: Guid(7a141c9312cb7044590e1436ec65713d) Importer(815301076,1909f56bfc062723c751e8b465ee728b)
Start importing Assets/Editor/RoadArchitect/RoadArchitect-master/Materials/FedSigns/330/GSDFedSign-330-MedianAlertRight.mat using Guid(7a141c9312cb7044590e1436ec65713d) Importer(815301076,1909f56bfc062723c751e8b465ee728b)  -> (artifact id: '7ac1fe81bc87e82a39589864bf1ebf8f') in 0.028069 seconds
Number of updated asset objects reloaded before import = 0
Number of asset objects unloaded after import = 4
========================================================================
Received Import Request.
  Time since last request: 0.000068 seconds.
  path: Assets/Editor/RoadArchitect/RoadArchitect-master/Materials/FedSigns/330/GSDFedSign-330-NoParkingAnytimeBoth.mat
  artifactKey: Guid(26553cd1dbf7c7e4ca893c525265c793) Importer(815301076,1909f56bfc062723c751e8b465ee728b)
Start importing Assets/Editor/RoadArchitect/RoadArchitect-master/Materials/FedSigns/330/GSDFedSign-330-NoParkingAnytimeBoth.mat using Guid(26553cd1dbf7c7e4ca893c525265c793) Importer(815301076,1909f56bfc062723c751e8b465ee728b)  -> (artifact id: '150a1697f33f56eef3d7c2ad7cce6296') in 0.024428 seconds
Number of updated asset objects reloaded before import = 0
Number of asset objects unloaded after import = 4
========================================================================
Received Import Request.
  Time since last request: 0.240507 seconds.
  path: Assets/Editor/RoadArchitect/RoadArchitect-master/Materials/FedSigns/330/GSDFedSign-330-PhotoEnforcedStopLight.mat
  artifactKey: Guid(cfab52ae72f86744a81f2f90eeeabcf6) Importer(815301076,1909f56bfc062723c751e8b465ee728b)
Start importing Assets/Editor/RoadArchitect/RoadArchitect-master/Materials/FedSigns/330/GSDFedSign-330-PhotoEnforcedStopLight.mat using Guid(cfab52ae72f86744a81f2f90eeeabcf6) Importer(815301076,1909f56bfc062723c751e8b465ee728b)  -> (artifact id: '120b4eb359bd01e7ca89e7c996b921c2') in 0.024984 seconds
Number of updated asset objects reloaded before import = 0
Number of asset objects unloaded after import = 4
========================================================================
Received Import Request.
  Time since last request: 0.026919 seconds.
  path: Assets/Editor/RoadArchitect/RoadArchitect-master/Materials/FedSigns/330/GSDFedSign-330-ReservedParking.mat
  artifactKey: Guid(e6ccedc1f0448b34eba8e40474b56dc2) Importer(815301076,1909f56bfc062723c751e8b465ee728b)
Start importing Assets/Editor/RoadArchitect/RoadArchitect-master/Materials/FedSigns/330/GSDFedSign-330-ReservedParking.mat using Guid(e6ccedc1f0448b34eba8e40474b56dc2) Importer(815301076,1909f56bfc062723c751e8b465ee728b)  -> (artifact id: '69bae8a0b3bfefc685b56159661b1662') in 0.023846 seconds
Number of updated asset objects reloaded before import = 0
Number of asset objects unloaded after import = 4
========================================================================
Received Import Request.
  Time since last request: 0.000073 seconds.
  path: Assets/Editor/RoadArchitect/RoadArchitect-master/Materials/FedSigns/330/GSDFedSign-330-SlowVehiclesTurn.mat
  artifactKey: Guid(f07c57fe45f5adb4a9ca90e51051ff48) Importer(815301076,1909f56bfc062723c751e8b465ee728b)
Start importing Assets/Editor/RoadArchitect/RoadArchitect-master/Materials/FedSigns/330/GSDFedSign-330-SlowVehiclesTurn.mat using Guid(f07c57fe45f5adb4a9ca90e51051ff48) Importer(815301076,1909f56bfc062723c751e8b465ee728b)  -> (artifact id: 'd31a547cc9d4d88fcb47f326e32f790b') in 0.038661 seconds
Number of updated asset objects reloaded before import = 0
Number of asset objects unloaded after import = 4
========================================================================
Received Import Request.
  Time since last request: 0.463881 seconds.
  path: Assets/Editor/RoadArchitect/RoadArchitect-master/Materials/FedSigns/330/GSDFedSign-330-TruckWeightLimit.mat
  artifactKey: Guid(e1bbd9a664ecdb444826b100286616b8) Importer(815301076,1909f56bfc062723c751e8b465ee728b)
Start importing Assets/Editor/RoadArchitect/RoadArchitect-master/Materials/FedSigns/330/GSDFedSign-330-TruckWeightLimit.mat using Guid(e1bbd9a664ecdb444826b100286616b8) Importer(815301076,1909f56bfc062723c751e8b465ee728b)  -> (artifact id: '109300b5464063da3eb0a754f3d47149') in 0.022531 seconds
Number of updated asset objects reloaded before import = 0
Number of asset objects unloaded after import = 4
========================================================================
Received Import Request.
  Time since last request: 0.000034 seconds.
  path: Assets/Editor/RoadArchitect/RoadArchitect-master/Materials/FedSigns/396/GSDFedSign-396-AxleWeightLimit5Tons.mat
  artifactKey: Guid(52b0915294504bd4f82706349c28e262) Importer(815301076,1909f56bfc062723c751e8b465ee728b)
Start importing Assets/Editor/RoadArchitect/RoadArchitect-master/Materials/FedSigns/396/GSDFedSign-396-AxleWeightLimit5Tons.mat using Guid(52b0915294504bd4f82706349c28e262) Importer(815301076,1909f56bfc062723c751e8b465ee728b)  -> (artifact id: '9d799c160ecc6cbece8d2d68523247e9') in 0.026543 seconds
Number of updated asset objects reloaded before import = 0
Number of asset objects unloaded after import = 4
========================================================================
Received Import Request.
  Time since last request: 0.000037 seconds.
  path: Assets/Editor/RoadArchitect/RoadArchitect-master/Materials/FedSigns/396/GSDFedSign-396-35mphZoneAhead.mat
  artifactKey: Guid(26393d9571cde314f9854742eee387db) Importer(815301076,1909f56bfc062723c751e8b465ee728b)
Start importing Assets/Editor/RoadArchitect/RoadArchitect-master/Materials/FedSigns/396/GSDFedSign-396-35mphZoneAhead.mat using Guid(26393d9571cde314f9854742eee387db) Importer(815301076,1909f56bfc062723c751e8b465ee728b)  -> (artifact id: '20c14f4fd63025c45e218488a8a0f752') in 0.029616 seconds
Number of updated asset objects reloaded before import = 0
Number of asset objects unloaded after import = 4
========================================================================
Received Import Request.
  Time since last request: 0.203779 seconds.
  path: Assets/Editor/RoadArchitect/RoadArchitect-master/Materials/FedSigns/396/GSDFedSign-396-Curve25mph.mat
  artifactKey: Guid(61405d7ff1ec3ea44a9e7820189580c0) Importer(815301076,1909f56bfc062723c751e8b465ee728b)
Start importing Assets/Editor/RoadArchitect/RoadArchitect-master/Materials/FedSigns/396/GSDFedSign-396-Curve25mph.mat using Guid(61405d7ff1ec3ea44a9e7820189580c0) Importer(815301076,1909f56bfc062723c751e8b465ee728b)  -> (artifact id: '8439d12496d4e85a65fced09ea810d1a') in 0.025118 seconds
Number of updated asset objects reloaded before import = 0
Number of asset objects unloaded after import = 4
========================================================================
Received Import Request.
  Time since last request: 0.000029 seconds.
  path: Assets/Editor/RoadArchitect/RoadArchitect-master/Materials/FedSigns/396/GSDFedSign-396-DoNotPass.mat
  artifactKey: Guid(185dae46f6107224ca4dae7b7d66f05f) Importer(815301076,1909f56bfc062723c751e8b465ee728b)
Start importing Assets/Editor/RoadArchitect/RoadArchitect-master/Materials/FedSigns/396/GSDFedSign-396-DoNotPass.mat using Guid(185dae46f6107224ca4dae7b7d66f05f) Importer(815301076,1909f56bfc062723c751e8b465ee728b)  -> (artifact id: 'fbf01dc6fec65db09516c1f6f629d992') in 0.028027 seconds
Number of updated asset objects reloaded before import = 0
Number of asset objects unloaded after import = 4
========================================================================
Received Import Request.
  Time since last request: 0.000053 seconds.
  path: Assets/Editor/RoadArchitect/RoadArchitect-master/Materials/FedSigns/396/GSDFedSign-396-End35MPHLimit.mat
  artifactKey: Guid(3085d8074732d5b4890b0b76c7d98f3f) Importer(815301076,1909f56bfc062723c751e8b465ee728b)
Start importing Assets/Editor/RoadArchitect/RoadArchitect-master/Materials/FedSigns/396/GSDFedSign-396-End35MPHLimit.mat using Guid(3085d8074732d5b4890b0b76c7d98f3f) Importer(815301076,1909f56bfc062723c751e8b465ee728b)  -> (artifact id: '2fd7c3316eda411705509d1346ba5e4b') in 0.028640 seconds
Number of updated asset objects reloaded before import = 0
Number of asset objects unloaded after import = 4
========================================================================
Received Import Request.
  Time since last request: 0.220451 seconds.
  path: Assets/Editor/RoadArchitect/RoadArchitect-master/Materials/FedSigns/396/GSDFedSign-396-Exit25mph.mat
  artifactKey: Guid(1686761b455e1b44194da8c6963f6c5c) Importer(815301076,1909f56bfc062723c751e8b465ee728b)
Start importing Assets/Editor/RoadArchitect/RoadArchitect-master/Materials/FedSigns/396/GSDFedSign-396-Exit25mph.mat using Guid(1686761b455e1b44194da8c6963f6c5c) Importer(815301076,1909f56bfc062723c751e8b465ee728b)  -> (artifact id: '4547860393f10595cf61d9ca9281703b') in 0.025281 seconds
Number of updated asset objects reloaded before import = 0
Number of asset objects unloaded after import = 4
========================================================================
Received Import Request.
  Time since last request: 0.000033 seconds.
  path: Assets/Editor/RoadArchitect/RoadArchitect-master/Materials/FedSigns/396/GSDFedSign-396-Historic80Cali.mat
  artifactKey: Guid(c5f4cffce63a7b24895032f1f62f1ed4) Importer(815301076,1909f56bfc062723c751e8b465ee728b)
Start importing Assets/Editor/RoadArchitect/RoadArchitect-master/Materials/FedSigns/396/GSDFedSign-396-Historic80Cali.mat using Guid(c5f4cffce63a7b24895032f1f62f1ed4) Importer(815301076,1909f56bfc062723c751e8b465ee728b)  -> (artifact id: '9457e5c2b3a67eaeb1336254e1b537bd') in 0.034758 seconds
Number of updated asset objects reloaded before import = 0
Number of asset objects unloaded after import = 4
========================================================================
Received Import Request.
  Time since last request: 0.005423 seconds.
  path: Assets/Editor/RoadArchitect/RoadArchitect-master/Materials/FedSigns/396/GSDFedSign-396-KeepRight.mat
  artifactKey: Guid(f13dfd05a62436246859dd81ca11f6c3) Importer(815301076,1909f56bfc062723c751e8b465ee728b)
Start importing Assets/Editor/RoadArchitect/RoadArchitect-master/Materials/FedSigns/396/GSDFedSign-396-KeepRight.mat using Guid(f13dfd05a62436246859dd81ca11f6c3) Importer(815301076,1909f56bfc062723c751e8b465ee728b)  -> (artifact id: 'ff4208af8b931dba036d35042b1397c8') in 0.028947 seconds
Number of updated asset objects reloaded before import = 0
Number of asset objects unloaded after import = 4
========================================================================
Received Import Request.
  Time since last request: 0.194026 seconds.
  path: Assets/Editor/RoadArchitect/RoadArchitect-master/Materials/FedSigns/396/GSDFedSign-396-KeepRightExceptToPass.mat
  artifactKey: Guid(4b11c1e8e8fb8d54280aa6d56ac8a559) Importer(815301076,1909f56bfc062723c751e8b465ee728b)
Start importing Assets/Editor/RoadArchitect/RoadArchitect-master/Materials/FedSigns/396/GSDFedSign-396-KeepRightExceptToPass.mat using Guid(4b11c1e8e8fb8d54280aa6d56ac8a559) Importer(815301076,1909f56bfc062723c751e8b465ee728b)  -> (artifact id: '12b871a44ca14d20f5cd743df1f11999') in 0.020283 seconds
Number of updated asset objects reloaded before import = 0
Number of asset objects unloaded after import = 4
========================================================================
Received Import Request.
  Time since last request: 0.000054 seconds.
  path: Assets/Editor/RoadArchitect/RoadArchitect-master/Materials/FedSigns/396/GSDFedSign-396-MinSpeed40.mat
  artifactKey: Guid(9ee5cd850e0a5ab4290ee4ab382dcd4e) Importer(815301076,1909f56bfc062723c751e8b465ee728b)
Start importing Assets/Editor/RoadArchitect/RoadArchitect-master/Materials/FedSigns/396/GSDFedSign-396-MinSpeed40.mat using Guid(9ee5cd850e0a5ab4290ee4ab382dcd4e) Importer(815301076,1909f56bfc062723c751e8b465ee728b)  -> (artifact id: 'd0ab4a17a73b746716fcd623bf584f86') in 0.024937 seconds
Number of updated asset objects reloaded before import = 0
Number of asset objects unloaded after import = 4
========================================================================
Received Import Request.
  Time since last request: 0.000037 seconds.
  path: Assets/Editor/RoadArchitect/RoadArchitect-master/Materials/FedSigns/396/GSDFedSign-396-NoParkingOnPavement.mat
  artifactKey: Guid(747a81f5c17649440b0643b3f0dcb0ca) Importer(815301076,1909f56bfc062723c751e8b465ee728b)
Start importing Assets/Editor/RoadArchitect/RoadArchitect-master/Materials/FedSigns/396/GSDFedSign-396-NoParkingOnPavement.mat using Guid(747a81f5c17649440b0643b3f0dcb0ca) Importer(815301076,1909f56bfc062723c751e8b465ee728b)  -> (artifact id: '20f1c3eb823600b5c52e19c7bc02e54b') in 0.028874 seconds
Number of updated asset objects reloaded before import = 0
Number of asset objects unloaded after import = 4
========================================================================
Received Import Request.
  Time since last request: 0.000024 seconds.
  path: Assets/Editor/RoadArchitect/RoadArchitect-master/Materials/FedSigns/396/GSDFedSign-396-MedianAlertLeft.mat
  artifactKey: Guid(05bc3a4291187f0489fce8039aa70187) Importer(815301076,1909f56bfc062723c751e8b465ee728b)
Start importing Assets/Editor/RoadArchitect/RoadArchitect-master/Materials/FedSigns/396/GSDFedSign-396-MedianAlertLeft.mat using Guid(05bc3a4291187f0489fce8039aa70187) Importer(815301076,1909f56bfc062723c751e8b465ee728b)  -> (artifact id: 'c2a46dbb0b0525094ad45218bae3cf08') in 0.021753 seconds
Number of updated asset objects reloaded before import = 0
Number of asset objects unloaded after import = 4
========================================================================
Received Import Request.
  Time since last request: 0.196533 seconds.
  path: Assets/Editor/RoadArchitect/RoadArchitect-master/Materials/FedSigns/396/GSDFedSign-396-NoVehiclesWithLugs.mat
  artifactKey: Guid(8d000ec836daf5249a74913f2cc8a7e0) Importer(815301076,1909f56bfc062723c751e8b465ee728b)
Start importing Assets/Editor/RoadArchitect/RoadArchitect-master/Materials/FedSigns/396/GSDFedSign-396-NoVehiclesWithLugs.mat using Guid(8d000ec836daf5249a74913f2cc8a7e0) Importer(815301076,1909f56bfc062723c751e8b465ee728b)  -> (artifact id: '6b62f8e72e658c59ebdf7aca18816a6a') in 0.023407 seconds
Number of updated asset objects reloaded before import = 0
Number of asset objects unloaded after import = 4
========================================================================
Received Import Request.
  Time since last request: 0.000036 seconds.
  path: Assets/Editor/RoadArchitect/RoadArchitect-master/Materials/FedSigns/396/GSDFedSign-396-OncomingTrafficMayHaveExtGreen.mat
  artifactKey: Guid(96525e1491261ec41b2669feb39ed4bd) Importer(815301076,1909f56bfc062723c751e8b465ee728b)
Start importing Assets/Editor/RoadArchitect/RoadArchitect-master/Materials/FedSigns/396/GSDFedSign-396-OncomingTrafficMayHaveExtGreen.mat using Guid(96525e1491261ec41b2669feb39ed4bd) Importer(815301076,1909f56bfc062723c751e8b465ee728b)  -> (artifact id: 'c3ac290b873b8f13fc2620ea1d8e3347') in 0.029455 seconds
Number of updated asset objects reloaded before import = 0
Number of asset objects unloaded after import = 4
========================================================================
Received Import Request.
  Time since last request: 0.000023 seconds.
  path: Assets/Editor/RoadArchitect/RoadArchitect-master/Materials/FedSigns/396/GSDFedSign-396-OneWay.mat
  artifactKey: Guid(0fb16e796b832eb4d858ed6818c07ebe) Importer(815301076,1909f56bfc062723c751e8b465ee728b)
Start importing Assets/Editor/RoadArchitect/RoadArchitect-master/Materials/FedSigns/396/GSDFedSign-396-OneWay.mat using Guid(0fb16e796b832eb4d858ed6818c07ebe) Importer(815301076,1909f56bfc062723c751e8b465ee728b)  -> (artifact id: 'e190fb4aca928d0bc78903d12dd52131') in 0.031254 seconds
Number of updated asset objects reloaded before import = 0
Number of asset objects unloaded after import = 4
========================================================================
Received Import Request.
  Time since last request: 0.000035 seconds.
  path: Assets/Editor/RoadArchitect/RoadArchitect-master/Materials/FedSigns/396/GSDFedSign-396-PassWithCare.mat
  artifactKey: Guid(f6f0acbb9ec3b2843a3f9e6ecff5fa67) Importer(815301076,1909f56bfc062723c751e8b465ee728b)
Start importing Assets/Editor/RoadArchitect/RoadArchitect-master/Materials/FedSigns/396/GSDFedSign-396-PassWithCare.mat using Guid(f6f0acbb9ec3b2843a3f9e6ecff5fa67) Importer(815301076,1909f56bfc062723c751e8b465ee728b)  -> (artifact id: 'e4cef541e99ad87ac06d134ba1584a7b') in 0.025059 seconds
Number of updated asset objects reloaded before import = 0
Number of asset objects unloaded after import = 4
========================================================================
Received Import Request.
  Time since last request: 0.169500 seconds.
  path: Assets/Editor/RoadArchitect/RoadArchitect-master/Materials/FedSigns/396/GSDFedSign-396-SlowerTrafficKeepRight.mat
  artifactKey: Guid(524a0c05e7a553942b2f22bb66d666e1) Importer(815301076,1909f56bfc062723c751e8b465ee728b)
Start importing Assets/Editor/RoadArchitect/RoadArchitect-master/Materials/FedSigns/396/GSDFedSign-396-SlowerTrafficKeepRight.mat using Guid(524a0c05e7a553942b2f22bb66d666e1) Importer(815301076,1909f56bfc062723c751e8b465ee728b)  -> (artifact id: 'e8b79a9a678181c945f0330b7784fb33') in 0.024627 seconds
Number of updated asset objects reloaded before import = 0
Number of asset objects unloaded after import = 4
========================================================================
Received Import Request.
  Time since last request: 0.000035 seconds.
  path: Assets/Editor/RoadArchitect/RoadArchitect-master/Materials/FedSigns/396/GSDFedSign-396-StateSpeedLimit55.mat
  artifactKey: Guid(a465ce7678d03a143b639d25305a905b) Importer(815301076,1909f56bfc062723c751e8b465ee728b)
Start importing Assets/Editor/RoadArchitect/RoadArchitect-master/Materials/FedSigns/396/GSDFedSign-396-StateSpeedLimit55.mat using Guid(a465ce7678d03a143b639d25305a905b) Importer(815301076,1909f56bfc062723c751e8b465ee728b)  -> (artifact id: 'bd11d18bc7dd152628ec766c0b979669') in 0.026971 seconds
Number of updated asset objects reloaded before import = 0
Number of asset objects unloaded after import = 4
========================================================================
Received Import Request.
  Time since last request: 0.000035 seconds.
  path: Assets/Editor/RoadArchitect/RoadArchitect-master/Materials/FedSigns/396/GSDFedSign-396-SpeedLimit50.mat
  artifactKey: Guid(3fe9f4f78a571164db8922ec1c259292) Importer(815301076,1909f56bfc062723c751e8b465ee728b)
Start importing Assets/Editor/RoadArchitect/RoadArchitect-master/Materials/FedSigns/396/GSDFedSign-396-SpeedLimit50.mat using Guid(3fe9f4f78a571164db8922ec1c259292) Importer(815301076,1909f56bfc062723c751e8b465ee728b)  -> (artifact id: '7c6169a5c5888fcd7d750f334c7b77e8') in 0.027270 seconds
Number of updated asset objects reloaded before import = 0
Number of asset objects unloaded after import = 4
========================================================================
Received Import Request.
  Time since last request: 0.207296 seconds.
  path: Assets/Editor/RoadArchitect/RoadArchitect-master/Materials/FedSigns/396/GSDFedSign-396-TruckLane500Feet.mat
  artifactKey: Guid(24ecb6191330b1a428557f6dc3d36bdb) Importer(815301076,1909f56bfc062723c751e8b465ee728b)
Start importing Assets/Editor/RoadArchitect/RoadArchitect-master/Materials/FedSigns/396/GSDFedSign-396-TruckLane500Feet.mat using Guid(24ecb6191330b1a428557f6dc3d36bdb) Importer(815301076,1909f56bfc062723c751e8b465ee728b)  -> (artifact id: 'b7f66afcd049a9a3e37461af668302ea') in 0.023785 seconds
Number of updated asset objects reloaded before import = 0
Number of asset objects unloaded after import = 4
========================================================================
Received Import Request.
  Time since last request: 0.000024 seconds.
  path: Assets/Editor/RoadArchitect/RoadArchitect-master/Materials/FedSigns/396/GSDFedSign-396-TrucksKeepRight.mat
  artifactKey: Guid(7bb51f6ace726f44d97c29fc18b61970) Importer(815301076,1909f56bfc062723c751e8b465ee728b)
Start importing Assets/Editor/RoadArchitect/RoadArchitect-master/Materials/FedSigns/396/GSDFedSign-396-TrucksKeepRight.mat using Guid(7bb51f6ace726f44d97c29fc18b61970) Importer(815301076,1909f56bfc062723c751e8b465ee728b)  -> (artifact id: '5c6a107b61aac1085c32a673620a68b6') in 0.026907 seconds
Number of updated asset objects reloaded before import = 0
Number of asset objects unloaded after import = 4
========================================================================
Received Import Request.
  Time since last request: 0.000039 seconds.
  path: Assets/Editor/RoadArchitect/RoadArchitect-master/Materials/FedSigns/396/GSDFedSign-396-UpcomingLeft.mat
  artifactKey: Guid(8746479dadd07c2418c3e7384e19bb4a) Importer(815301076,1909f56bfc062723c751e8b465ee728b)
Start importing Assets/Editor/RoadArchitect/RoadArchitect-master/Materials/FedSigns/396/GSDFedSign-396-UpcomingLeft.mat using Guid(8746479dadd07c2418c3e7384e19bb4a) Importer(815301076,1909f56bfc062723c751e8b465ee728b)  -> (artifact id: '53d3c8c8f3803f9e23e59b6eb94a1590') in 0.030290 seconds
Number of updated asset objects reloaded before import = 0
Number of asset objects unloaded after import = 4
========================================================================
Received Import Request.
  Time since last request: 0.000029 seconds.
  path: Assets/Editor/RoadArchitect/RoadArchitect-master/Materials/FedSigns/617/GSDFedSign-617-156.mat
  artifactKey: Guid(28c90d9247491cc48b46838ac8485c1d) Importer(815301076,1909f56bfc062723c751e8b465ee728b)
Start importing Assets/Editor/RoadArchitect/RoadArchitect-master/Materials/FedSigns/617/GSDFedSign-617-156.mat using Guid(28c90d9247491cc48b46838ac8485c1d) Importer(815301076,1909f56bfc062723c751e8b465ee728b)  -> (artifact id: 'b1a32798db6047f8314064f07be0ca60') in 0.022474 seconds
Number of updated asset objects reloaded before import = 0
Number of asset objects unloaded after import = 4
========================================================================
Received Import Request.
  Time since last request: 0.000031 seconds.
  path: Assets/Editor/RoadArchitect/RoadArchitect-master/Materials/FedSigns/617/GSDFedSign-617-122NJ.mat
  artifactKey: Guid(3d55551794f7db040af3802c24396d0b) Importer(815301076,1909f56bfc062723c751e8b465ee728b)
Start importing Assets/Editor/RoadArchitect/RoadArchitect-master/Materials/FedSigns/617/GSDFedSign-617-122NJ.mat using Guid(3d55551794f7db040af3802c24396d0b) Importer(815301076,1909f56bfc062723c751e8b465ee728b)  -> (artifact id: '4042e28364b31e198a2170a14db66099') in 0.037040 seconds
Number of updated asset objects reloaded before import = 0
Number of asset objects unloaded after import = 4
========================================================================
Received Import Request.
  Time since last request: 0.174659 seconds.
  path: Assets/Editor/RoadArchitect/RoadArchitect-master/Materials/FedSigns/617/GSDFedSign-617-AL120.mat
  artifactKey: Guid(516c4f742fdf06d40a8511c01a2520ad) Importer(815301076,1909f56bfc062723c751e8b465ee728b)
Start importing Assets/Editor/RoadArchitect/RoadArchitect-master/Materials/FedSigns/617/GSDFedSign-617-AL120.mat using Guid(516c4f742fdf06d40a8511c01a2520ad) Importer(815301076,1909f56bfc062723c751e8b465ee728b)  -> (artifact id: '0b86c62f5344a19bcc31d89b588cfd93') in 0.024532 seconds
Number of updated asset objects reloaded before import = 0
Number of asset objects unloaded after import = 4
========================================================================
Received Import Request.
  Time since last request: 0.000038 seconds.
  path: Assets/Editor/RoadArchitect/RoadArchitect-master/Materials/FedSigns/617/GSDFedSign-617-BikeLane.mat
  artifactKey: Guid(f1e66adbde58439499d7e2ac54511879) Importer(815301076,1909f56bfc062723c751e8b465ee728b)
Start importing Assets/Editor/RoadArchitect/RoadArchitect-master/Materials/FedSigns/617/GSDFedSign-617-BikeLane.mat using Guid(f1e66adbde58439499d7e2ac54511879) Importer(815301076,1909f56bfc062723c751e8b465ee728b)  -> (artifact id: '5b6f3b6c616796f551276281e857735c') in 0.039958 seconds
Number of updated asset objects reloaded before import = 0
Number of asset objects unloaded after import = 4
========================================================================
Received Import Request.
  Time since last request: 0.000036 seconds.
  path: Assets/Editor/RoadArchitect/RoadArchitect-master/Materials/FedSigns/617/GSDFedSign-617-AllLanes.mat
  artifactKey: Guid(f8a52167d8168f44783ab577e84f9137) Importer(815301076,1909f56bfc062723c751e8b465ee728b)
Start importing Assets/Editor/RoadArchitect/RoadArchitect-master/Materials/FedSigns/617/GSDFedSign-617-AllLanes.mat using Guid(f8a52167d8168f44783ab577e84f9137) Importer(815301076,1909f56bfc062723c751e8b465ee728b)  -> (artifact id: '3007ceed484aa7cd021fa3071e8b833d') in 0.026911 seconds
Number of updated asset objects reloaded before import = 0
Number of asset objects unloaded after import = 4
========================================================================
Received Import Request.
  Time since last request: 0.200906 seconds.
  path: Assets/Editor/RoadArchitect/RoadArchitect-master/Materials/FedSigns/617/GSDFedSign-617-DividedHighway.mat
  artifactKey: Guid(ec59cf926ccec114083c75df64c83337) Importer(815301076,1909f56bfc062723c751e8b465ee728b)
Start importing Assets/Editor/RoadArchitect/RoadArchitect-master/Materials/FedSigns/617/GSDFedSign-617-DividedHighway.mat using Guid(ec59cf926ccec114083c75df64c83337) Importer(815301076,1909f56bfc062723c751e8b465ee728b)  -> (artifact id: 'a76f7b4f59cc3afd4d8c391847904c7b') in 0.025037 seconds
Number of updated asset objects reloaded before import = 0
Number of asset objects unloaded after import = 4
========================================================================
Received Import Request.
  Time since last request: 0.000023 seconds.
  path: Assets/Editor/RoadArchitect/RoadArchitect-master/Materials/FedSigns/617/GSDFedSign-617-DoubleRight.mat
  artifactKey: Guid(42fc1140b9c98824b82c933bc8a17bbf) Importer(815301076,1909f56bfc062723c751e8b465ee728b)
Start importing Assets/Editor/RoadArchitect/RoadArchitect-master/Materials/FedSigns/617/GSDFedSign-617-DoubleRight.mat using Guid(42fc1140b9c98824b82c933bc8a17bbf) Importer(815301076,1909f56bfc062723c751e8b465ee728b)  -> (artifact id: '07bc73323df4492d9fcfee2a7f91f088') in 0.025430 seconds
Number of updated asset objects reloaded before import = 0
Number of asset objects unloaded after import = 4
========================================================================
Received Import Request.
  Time since last request: 0.000051 seconds.
  path: Assets/Editor/RoadArchitect/RoadArchitect-master/Materials/FedSigns/617/GSDFedSign-617-ExceptSundaysAndHolidays.mat
  artifactKey: Guid(411289b6c3e64334ab825d162c5a65f9) Importer(815301076,1909f56bfc062723c751e8b465ee728b)
Start importing Assets/Editor/RoadArchitect/RoadArchitect-master/Materials/FedSigns/617/GSDFedSign-617-ExceptSundaysAndHolidays.mat using Guid(411289b6c3e64334ab825d162c5a65f9) Importer(815301076,1909f56bfc062723c751e8b465ee728b)  -> (artifact id: '736242dfb2f86d795f4df0173d69b503') in 0.027306 seconds
Number of updated asset objects reloaded before import = 0
Number of asset objects unloaded after import = 4
========================================================================
Received Import Request.
  Time since last request: 0.000056 seconds.
  path: Assets/Editor/RoadArchitect/RoadArchitect-master/Materials/FedSigns/617/GSDFedSign-617-Hill.mat
  artifactKey: Guid(9920a231b56139b4ca7caa4ff021e62b) Importer(815301076,1909f56bfc062723c751e8b465ee728b)
Start importing Assets/Editor/RoadArchitect/RoadArchitect-master/Materials/FedSigns/617/GSDFedSign-617-Hill.mat using Guid(9920a231b56139b4ca7caa4ff021e62b) Importer(815301076,1909f56bfc062723c751e8b465ee728b)  -> (artifact id: 'f9fb7c628b3b854e7181af8b1c54410b') in 0.028059 seconds
Number of updated asset objects reloaded before import = 0
Number of asset objects unloaded after import = 4
========================================================================
Received Import Request.
  Time since last request: 0.000032 seconds.
  path: Assets/Editor/RoadArchitect/RoadArchitect-master/Materials/FedSigns/617/GSDFedSign-617-FireHouse.mat
  artifactKey: Guid(c04479afdfdd2774782334389b7a6baa) Importer(815301076,1909f56bfc062723c751e8b465ee728b)
Start importing Assets/Editor/RoadArchitect/RoadArchitect-master/Materials/FedSigns/617/GSDFedSign-617-FireHouse.mat using Guid(c04479afdfdd2774782334389b7a6baa) Importer(815301076,1909f56bfc062723c751e8b465ee728b)  -> (artifact id: '7ea53ac937d40f1cc7e1deefa6f4526d') in 0.037265 seconds
Number of updated asset objects reloaded before import = 0
Number of asset objects unloaded after import = 4
========================================================================
Received Import Request.
  Time since last request: 0.154888 seconds.
  path: Assets/Editor/RoadArchitect/RoadArchitect-master/Materials/FedSigns/617/GSDFedSign-617-NoMotorDrivenCycles.mat
  artifactKey: Guid(d7060cddf446a1d478ab92f3b84b93fc) Importer(815301076,1909f56bfc062723c751e8b465ee728b)
Start importing Assets/Editor/RoadArchitect/RoadArchitect-master/Materials/FedSigns/617/GSDFedSign-617-NoMotorDrivenCycles.mat using Guid(d7060cddf446a1d478ab92f3b84b93fc) Importer(815301076,1909f56bfc062723c751e8b465ee728b)  -> (artifact id: '85a9960c041de49294e6cb370bab7c83') in 0.023728 seconds
Number of updated asset objects reloaded before import = 0
Number of asset objects unloaded after import = 4
========================================================================
Received Import Request.
  Time since last request: 0.000029 seconds.
  path: Assets/Editor/RoadArchitect/RoadArchitect-master/Materials/FedSigns/617/GSDFedSign-617-NY252A.mat
  artifactKey: Guid(af4623f72fcd4c641860a2f362b9dbe5) Importer(815301076,1909f56bfc062723c751e8b465ee728b)
Start importing Assets/Editor/RoadArchitect/RoadArchitect-master/Materials/FedSigns/617/GSDFedSign-617-NY252A.mat using Guid(af4623f72fcd4c641860a2f362b9dbe5) Importer(815301076,1909f56bfc062723c751e8b465ee728b)  -> (artifact id: '9e23ca14f352c172bca5343eb336e4b5') in 0.027482 seconds
Number of updated asset objects reloaded before import = 0
Number of asset objects unloaded after import = 4
========================================================================
Received Import Request.
  Time since last request: 0.000047 seconds.
  path: Assets/Editor/RoadArchitect/RoadArchitect-master/Materials/FedSigns/617/GSDFedSign-617-NoNonMotorTraffic.mat
  artifactKey: Guid(2653f4c55331b0449a1c99e40aaba97a) Importer(815301076,1909f56bfc062723c751e8b465ee728b)
Start importing Assets/Editor/RoadArchitect/RoadArchitect-master/Materials/FedSigns/617/GSDFedSign-617-NoNonMotorTraffic.mat using Guid(2653f4c55331b0449a1c99e40aaba97a) Importer(815301076,1909f56bfc062723c751e8b465ee728b)  -> (artifact id: 'f6c52b5cf305521c14f1d5a33e032acd') in 0.027262 seconds
Number of updated asset objects reloaded before import = 0
Number of asset objects unloaded after import = 4
========================================================================
Received Import Request.
  Time since last request: 0.217661 seconds.
  path: Assets/Editor/RoadArchitect/RoadArchitect-master/Materials/FedSigns/617/GSDFedSign-617-OnTracks.mat
  artifactKey: Guid(e5fceac6b46bc8a47a75cdc8de6c6879) Importer(815301076,1909f56bfc062723c751e8b465ee728b)
Start importing Assets/Editor/RoadArchitect/RoadArchitect-master/Materials/FedSigns/617/GSDFedSign-617-OnTracks.mat using Guid(e5fceac6b46bc8a47a75cdc8de6c6879) Importer(815301076,1909f56bfc062723c751e8b465ee728b)  -> (artifact id: 'b041e51a87979bd677418258ce06361c') in 0.024162 seconds
Number of updated asset objects reloaded before import = 0
Number of asset objects unloaded after import = 4
========================================================================
Received Import Request.
  Time since last request: 0.000024 seconds.
  path: Assets/Editor/RoadArchitect/RoadArchitect-master/Materials/FedSigns/617/GSDFedSign-617-PA851.mat
  artifactKey: Guid(b94a7ee851fd84e41a30a13bbbbc618f) Importer(815301076,1909f56bfc062723c751e8b465ee728b)
Start importing Assets/Editor/RoadArchitect/RoadArchitect-master/Materials/FedSigns/617/GSDFedSign-617-PA851.mat using Guid(b94a7ee851fd84e41a30a13bbbbc618f) Importer(815301076,1909f56bfc062723c751e8b465ee728b)  -> (artifact id: '92d327adfca3d35dddad93fec36032be') in 0.028663 seconds
Number of updated asset objects reloaded before import = 0
Number of asset objects unloaded after import = 4
========================================================================
Received Import Request.
  Time since last request: 0.000039 seconds.
  path: Assets/Editor/RoadArchitect/RoadArchitect-master/Materials/FedSigns/617/GSDFedSign-617-WeighStation1Mile.mat
  artifactKey: Guid(a07cbf64042cd6e4ab1014096e708cb5) Importer(815301076,1909f56bfc062723c751e8b465ee728b)
Start importing Assets/Editor/RoadArchitect/RoadArchitect-master/Materials/FedSigns/617/GSDFedSign-617-WeighStation1Mile.mat using Guid(a07cbf64042cd6e4ab1014096e708cb5) Importer(815301076,1909f56bfc062723c751e8b465ee728b)  -> (artifact id: 'd18e01f4c266f634afba4c8baa6a1f72') in 0.025510 seconds
Number of updated asset objects reloaded before import = 0
Number of asset objects unloaded after import = 4
========================================================================
Received Import Request.
  Time since last request: 0.000032 seconds.
  path: Assets/Editor/RoadArchitect/RoadArchitect-master/Materials/FedSigns/617/GSDFedSign-617-WorkZone.mat
  artifactKey: Guid(5af5db02cd06bf74b82223f05c69e88a) Importer(815301076,1909f56bfc062723c751e8b465ee728b)
Start importing Assets/Editor/RoadArchitect/RoadArchitect-master/Materials/FedSigns/617/GSDFedSign-617-WorkZone.mat using Guid(5af5db02cd06bf74b82223f05c69e88a) Importer(815301076,1909f56bfc062723c751e8b465ee728b)  -> (artifact id: '485a569dcfe1742d6fe4b1dd26bc30ae') in 0.034842 seconds
Number of updated asset objects reloaded before import = 0
Number of asset objects unloaded after import = 4
========================================================================
Received Import Request.
  Time since last request: 0.172586 seconds.
  path: Assets/Editor/RoadArchitect/RoadArchitect-master/Materials/FedSigns/861/GSDFedSign-861-MilesSign.mat
  artifactKey: Guid(7be9c75ccf0631a4cbda1bdbfe844854) Importer(815301076,1909f56bfc062723c751e8b465ee728b)
Start importing Assets/Editor/RoadArchitect/RoadArchitect-master/Materials/FedSigns/861/GSDFedSign-861-MilesSign.mat using Guid(7be9c75ccf0631a4cbda1bdbfe844854) Importer(815301076,1909f56bfc062723c751e8b465ee728b)  -> (artifact id: '75ee9d540f1da5e90e4ad11eb58b827c') in 0.023542 seconds
Number of updated asset objects reloaded before import = 0
Number of asset objects unloaded after import = 4
========================================================================
Received Import Request.
  Time since last request: 0.000043 seconds.
  path: Assets/Editor/RoadArchitect/RoadArchitect-master/Materials/FedSigns/861/GSDFedSign-861-RestArea1Mile.mat
  artifactKey: Guid(493e9defef89af84aaae8b008b2de409) Importer(815301076,1909f56bfc062723c751e8b465ee728b)
Start importing Assets/Editor/RoadArchitect/RoadArchitect-master/Materials/FedSigns/861/GSDFedSign-861-RestArea1Mile.mat using Guid(493e9defef89af84aaae8b008b2de409) Importer(815301076,1909f56bfc062723c751e8b465ee728b)  -> (artifact id: '641703dd10b2f7ba958cc47aff72640e') in 0.028362 seconds
Number of updated asset objects reloaded before import = 0
Number of asset objects unloaded after import = 4
========================================================================
Received Import Request.
  Time since last request: 0.000034 seconds.
  path: Assets/Editor/RoadArchitect/RoadArchitect-master/Materials/FedSigns/861/GSDFedSign-861-TollSign.mat
  artifactKey: Guid(931ac75645530e948901c54c96712708) Importer(815301076,1909f56bfc062723c751e8b465ee728b)
Start importing Assets/Editor/RoadArchitect/RoadArchitect-master/Materials/FedSigns/861/GSDFedSign-861-TollSign.mat using Guid(931ac75645530e948901c54c96712708) Importer(815301076,1909f56bfc062723c751e8b465ee728b)  -> (artifact id: '6b12ca008cccf822885e2490cb2d3460') in 0.028859 seconds
Number of updated asset objects reloaded before import = 0
Number of asset objects unloaded after import = 4
========================================================================
Received Import Request.
  Time since last request: 0.000047 seconds.
  path: Assets/Editor/RoadArchitect/RoadArchitect-master/Materials/FedSigns/861/GSDFedSign-861-SlowVehicles.mat
  artifactKey: Guid(e8d8c5343afef6147b1907a4274de88a) Importer(815301076,1909f56bfc062723c751e8b465ee728b)
Start importing Assets/Editor/RoadArchitect/RoadArchitect-master/Materials/FedSigns/861/GSDFedSign-861-SlowVehicles.mat using Guid(e8d8c5343afef6147b1907a4274de88a) Importer(815301076,1909f56bfc062723c751e8b465ee728b)  -> (artifact id: '47ee308cb2205db52e646989c9ec0f3e') in 0.036244 seconds
Number of updated asset objects reloaded before import = 0
Number of asset objects unloaded after import = 4
========================================================================
Received Import Request.
  Time since last request: 0.188722 seconds.
  path: Assets/Editor/RoadArchitect/RoadArchitect-master/Materials/FedSigns/861/GSDFedSign-861-WeightLimit.mat
  artifactKey: Guid(c74a77d9f94b43f45bc46768c3f251ed) Importer(815301076,1909f56bfc062723c751e8b465ee728b)
Start importing Assets/Editor/RoadArchitect/RoadArchitect-master/Materials/FedSigns/861/GSDFedSign-861-WeightLimit.mat using Guid(c74a77d9f94b43f45bc46768c3f251ed) Importer(815301076,1909f56bfc062723c751e8b465ee728b)  -> (artifact id: 'f9ea6971b619677dd0c4157c4f7c230d') in 0.023264 seconds
Number of updated asset objects reloaded before import = 0
Number of asset objects unloaded after import = 4
========================================================================
Received Import Request.
  Time since last request: 0.000025 seconds.
  path: Assets/Editor/RoadArchitect/RoadArchitect-master/Materials/FedSigns/988/GSDFedSign-988-CustomSpeed.mat
  artifactKey: Guid(6c179b88cf1a925429028484dc3971db) Importer(815301076,1909f56bfc062723c751e8b465ee728b)
Start importing Assets/Editor/RoadArchitect/RoadArchitect-master/Materials/FedSigns/988/GSDFedSign-988-CustomSpeed.mat using Guid(6c179b88cf1a925429028484dc3971db) Importer(815301076,1909f56bfc062723c751e8b465ee728b)  -> (artifact id: '817dc4a8bce4df8053c39959a62b123c') in 0.028699 seconds
Number of updated asset objects reloaded before import = 0
Number of asset objects unloaded after import = 4
========================================================================
Received Import Request.
  Time since last request: 0.984452 seconds.
  path: Assets/Editor/RoadArchitect/RoadArchitect-master/Materials/FedSigns/Diamond/General/GSDFedSign-diamond-5TonBridge.mat
  artifactKey: Guid(b6fa1e2fb15cb404487567f33f24b57b) Importer(815301076,1909f56bfc062723c751e8b465ee728b)
Start importing Assets/Editor/RoadArchitect/RoadArchitect-master/Materials/FedSigns/Diamond/General/GSDFedSign-diamond-5TonBridge.mat using Guid(b6fa1e2fb15cb404487567f33f24b57b) Importer(815301076,1909f56bfc062723c751e8b465ee728b)  -> (artifact id: '6e79df4fc5028a6c4f61f7af6e430361') in 0.022317 seconds
Number of updated asset objects reloaded before import = 0
Number of asset objects unloaded after import = 4
========================================================================
Received Import Request.
  Time since last request: 0.000062 seconds.
  path: Assets/Editor/RoadArchitect/RoadArchitect-master/Materials/FedSigns/Diamond/General/GSDFedSign-diamond-Clearance126.mat
  artifactKey: Guid(77fb0f81344009144953664c99b90117) Importer(815301076,1909f56bfc062723c751e8b465ee728b)
Start importing Assets/Editor/RoadArchitect/RoadArchitect-master/Materials/FedSigns/Diamond/General/GSDFedSign-diamond-Clearance126.mat using Guid(77fb0f81344009144953664c99b90117) Importer(815301076,1909f56bfc062723c751e8b465ee728b)  -> (artifact id: '311d615c3f8629e6d0cfc1865c913fc0') in 0.026405 seconds
Number of updated asset objects reloaded before import = 0
Number of asset objects unloaded after import = 4
========================================================================
Received Import Request.
  Time since last request: 0.000023 seconds.
  path: Assets/Editor/RoadArchitect/RoadArchitect-master/Materials/FedSigns/Diamond/General/GSDFedSign-diamond-TurnRight35.mat
  artifactKey: Guid(25985039ceec97548acc82a46c46a91a) Importer(815301076,1909f56bfc062723c751e8b465ee728b)
Start importing Assets/Editor/RoadArchitect/RoadArchitect-master/Materials/FedSigns/Diamond/General/GSDFedSign-diamond-TurnRight35.mat using Guid(25985039ceec97548acc82a46c46a91a) Importer(815301076,1909f56bfc062723c751e8b465ee728b)  -> (artifact id: 'c20131e90bf5a26392e1c436b0807058') in 0.026461 seconds
Number of updated asset objects reloaded before import = 0
Number of asset objects unloaded after import = 4
========================================================================
Received Import Request.
  Time since last request: 0.000028 seconds.
  path: Assets/Editor/RoadArchitect/RoadArchitect-master/Materials/FedSigns/Square/GSDFedSign-Square-NoPlaying.mat
  artifactKey: Guid(3c2e0f3398b838e40a23ad96d2f600b9) Importer(815301076,1909f56bfc062723c751e8b465ee728b)
Start importing Assets/Editor/RoadArchitect/RoadArchitect-master/Materials/FedSigns/Square/GSDFedSign-Square-NoPlaying.mat using Guid(3c2e0f3398b838e40a23ad96d2f600b9) Importer(815301076,1909f56bfc062723c751e8b465ee728b)  -> (artifact id: 'd203f7b0a936ed4d35ff4257ff9c9ee6') in 0.027289 seconds
Number of updated asset objects reloaded before import = 0
Number of asset objects unloaded after import = 4
========================================================================
Received Import Request.
  Time since last request: 0.000048 seconds.
  path: Assets/Editor/RoadArchitect/RoadArchitect-master/Materials/FedSigns/Diamond/General/GSDFedSign-diamond-CenterMedian2.mat
  artifactKey: Guid(8c76c87be1e904a4db9e06920bd12c92) Importer(815301076,1909f56bfc062723c751e8b465ee728b)
Start importing Assets/Editor/RoadArchitect/RoadArchitect-master/Materials/FedSigns/Diamond/General/GSDFedSign-diamond-CenterMedian2.mat using Guid(8c76c87be1e904a4db9e06920bd12c92) Importer(815301076,1909f56bfc062723c751e8b465ee728b)  -> (artifact id: 'ebcb650d0d4bc4e7548b36ac5fe1b965') in 0.024830 seconds
Number of updated asset objects reloaded before import = 0
Number of asset objects unloaded after import = 4
========================================================================
Received Import Request.
  Time since last request: 0.000024 seconds.
  path: Assets/Editor/RoadArchitect/RoadArchitect-master/Materials/Markers/GSDInterStretch-Both-4L.mat
  artifactKey: Guid(a604962f4f2c9c54aa9dc4f93e50a3b6) Importer(815301076,1909f56bfc062723c751e8b465ee728b)
Start importing Assets/Editor/RoadArchitect/RoadArchitect-master/Materials/Markers/GSDInterStretch-Both-4L.mat using Guid(a604962f4f2c9c54aa9dc4f93e50a3b6) Importer(815301076,1909f56bfc062723c751e8b465ee728b)  -> (artifact id: '715b3035735b810d5e3a67787607db83') in 0.062970 seconds
Number of updated asset objects reloaded before import = 0
Number of asset objects unloaded after import = 3
========================================================================
Received Import Request.
  Time since last request: 0.000032 seconds.
  path: Assets/Editor/RoadArchitect/RoadArchitect-master/Materials/FedSigns/Diamond/General/GSDFedSign-diamond-LoopStreet.mat
  artifactKey: Guid(8d6709ecc306613468d3b2ea0175360b) Importer(815301076,1909f56bfc062723c751e8b465ee728b)
Start importing Assets/Editor/RoadArchitect/RoadArchitect-master/Materials/FedSigns/Diamond/General/GSDFedSign-diamond-LoopStreet.mat using Guid(8d6709ecc306613468d3b2ea0175360b) Importer(815301076,1909f56bfc062723c751e8b465ee728b)  -> (artifact id: '63708cea2affee75c334b2ab4987b6c1') in 0.026837 seconds
Number of updated asset objects reloaded before import = 0
Number of asset objects unloaded after import = 4
========================================================================
Received Import Request.
  Time since last request: 0.000031 seconds.
  path: Assets/Editor/RoadArchitect/RoadArchitect-master/Materials/Markers/GSDWhiteYellowPassRight.mat
  artifactKey: Guid(ea68bd149c7bd1c49a65588df3bb4a18) Importer(815301076,1909f56bfc062723c751e8b465ee728b)
Start importing Assets/Editor/RoadArchitect/RoadArchitect-master/Materials/Markers/GSDWhiteYellowPassRight.mat using Guid(ea68bd149c7bd1c49a65588df3bb4a18) Importer(815301076,1909f56bfc062723c751e8b465ee728b)  -> (artifact id: 'c179802a8031e8593ad3fb462111bc8f') in 0.060665 seconds
Number of updated asset objects reloaded before import = 0
Number of asset objects unloaded after import = 3
========================================================================
Received Import Request.
  Time since last request: 0.000063 seconds.
  path: Assets/Editor/RoadArchitect/RoadArchitect-master/Materials/FedSigns/Square/GSDFedSign-Square-NoTrucks.mat
  artifactKey: Guid(7e0a3fe2af24c274c9308e6c6a576492) Importer(815301076,1909f56bfc062723c751e8b465ee728b)
Start importing Assets/Editor/RoadArchitect/RoadArchitect-master/Materials/FedSigns/Square/GSDFedSign-Square-NoTrucks.mat using Guid(7e0a3fe2af24c274c9308e6c6a576492) Importer(815301076,1909f56bfc062723c751e8b465ee728b)  -> (artifact id: '44780d4daef78fb2f44a26b7515b4663') in 0.036195 seconds
Number of updated asset objects reloaded before import = 0
Number of asset objects unloaded after import = 4
========================================================================
Received Import Request.
  Time since last request: 0.000037 seconds.
  path: Assets/Editor/RoadArchitect/RoadArchitect-master/Materials/FedSigns/Diamond/Children/GSDFedSign-diamond-AutisticChild.mat
  artifactKey: Guid(148370d9b740327459fbfc74da979c77) Importer(815301076,1909f56bfc062723c751e8b465ee728b)
Start importing Assets/Editor/RoadArchitect/RoadArchitect-master/Materials/FedSigns/Diamond/Children/GSDFedSign-diamond-AutisticChild.mat using Guid(148370d9b740327459fbfc74da979c77) Importer(815301076,1909f56bfc062723c751e8b465ee728b)  -> (artifact id: 'f4b1e04e29be31ce3bbb910ab13192bd') in 0.026836 seconds
Number of updated asset objects reloaded before import = 0
Number of asset objects unloaded after import = 4
========================================================================
Received Import Request.
  Time since last request: 0.000037 seconds.
  path: Assets/Editor/RoadArchitect/RoadArchitect-master/Materials/FedSigns/Diamond/General/GSDFedSign-diamond-DividedRoad.mat
  artifactKey: Guid(a3a1ce3be5da6014db7b214447a24ad9) Importer(815301076,1909f56bfc062723c751e8b465ee728b)
Start importing Assets/Editor/RoadArchitect/RoadArchitect-master/Materials/FedSigns/Diamond/General/GSDFedSign-diamond-DividedRoad.mat using Guid(a3a1ce3be5da6014db7b214447a24ad9) Importer(815301076,1909f56bfc062723c751e8b465ee728b)  -> (artifact id: '8537ef56541695cd7e99ae69584489bf') in 0.025004 seconds
Number of updated asset objects reloaded before import = 0
Number of asset objects unloaded after import = 4
========================================================================
Received Import Request.
  Time since last request: 0.000082 seconds.
  path: Assets/Editor/RoadArchitect/RoadArchitect-master/Materials/FedSigns/Diamond/General/GSDFedSign-diamond-LowFlyingAircraft2.mat
  artifactKey: Guid(8226afefc0876fe43a9a1ab0f81bae52) Importer(815301076,1909f56bfc062723c751e8b465ee728b)
Start importing Assets/Editor/RoadArchitect/RoadArchitect-master/Materials/FedSigns/Diamond/General/GSDFedSign-diamond-LowFlyingAircraft2.mat using Guid(8226afefc0876fe43a9a1ab0f81bae52) Importer(815301076,1909f56bfc062723c751e8b465ee728b)  -> (artifact id: 'c5e60b008c350a4d33bbc81f9dc073d0') in 0.026639 seconds
Number of updated asset objects reloaded before import = 0
Number of asset objects unloaded after import = 4
========================================================================
Received Import Request.
  Time since last request: 0.000046 seconds.
  path: Assets/Editor/RoadArchitect/RoadArchitect-master/Materials/FedSigns/Diamond/General/GSDFedSign-diamond-CableCar2.mat
  artifactKey: Guid(0c16542fc33a80d4cbf40d08d5f8c967) Importer(815301076,1909f56bfc062723c751e8b465ee728b)
Start importing Assets/Editor/RoadArchitect/RoadArchitect-master/Materials/FedSigns/Diamond/General/GSDFedSign-diamond-CableCar2.mat using Guid(0c16542fc33a80d4cbf40d08d5f8c967) Importer(815301076,1909f56bfc062723c751e8b465ee728b)  -> (artifact id: '230ea4c30540dbad7aa353d7018a650a') in 0.035620 seconds
Number of updated asset objects reloaded before import = 0
Number of asset objects unloaded after import = 4
========================================================================
Received Import Request.
  Time since last request: 0.000043 seconds.
  path: Assets/Editor/RoadArchitect/RoadArchitect-master/Materials/FedSigns/Diamond/General/GSDFedSign-diamond-Intersection3Way2.mat
  artifactKey: Guid(a302e169d2762e54aafac9bb4e443880) Importer(815301076,1909f56bfc062723c751e8b465ee728b)
Start importing Assets/Editor/RoadArchitect/RoadArchitect-master/Materials/FedSigns/Diamond/General/GSDFedSign-diamond-Intersection3Way2.mat using Guid(a302e169d2762e54aafac9bb4e443880) Importer(815301076,1909f56bfc062723c751e8b465ee728b)  -> (artifact id: '2b705225373340e5316552533509b8bb') in 0.036863 seconds
Number of updated asset objects reloaded before import = 0
Number of asset objects unloaded after import = 4
========================================================================
Received Import Request.
  Time since last request: 0.000039 seconds.
  path: Assets/Editor/RoadArchitect/RoadArchitect-master/Materials/FedSigns/Diamond/Children/GSDFedSign-diamond-ChildrenAtPlay2.mat
  artifactKey: Guid(d4c7b836741ba5a4bbfe5e281ba41049) Importer(815301076,1909f56bfc062723c751e8b465ee728b)
Start importing Assets/Editor/RoadArchitect/RoadArchitect-master/Materials/FedSigns/Diamond/Children/GSDFedSign-diamond-ChildrenAtPlay2.mat using Guid(d4c7b836741ba5a4bbfe5e281ba41049) Importer(815301076,1909f56bfc062723c751e8b465ee728b)  -> (artifact id: 'c4ac215b65493449b81c9659182c8450') in 0.033928 seconds
Number of updated asset objects reloaded before import = 0
Number of asset objects unloaded after import = 4
========================================================================
Received Import Request.
  Time since last request: 0.000051 seconds.
  path: Assets/Editor/RoadArchitect/RoadArchitect-master/Materials/FedSigns/Diamond/General/GSDFedSign-diamond-CableCar.mat
  artifactKey: Guid(b5dd894033b594d48985cca9c39c4237) Importer(815301076,1909f56bfc062723c751e8b465ee728b)
Start importing Assets/Editor/RoadArchitect/RoadArchitect-master/Materials/FedSigns/Diamond/General/GSDFedSign-diamond-CableCar.mat using Guid(b5dd894033b594d48985cca9c39c4237) Importer(815301076,1909f56bfc062723c751e8b465ee728b)  -> (artifact id: '769b843cbd1e3168948649c3555aa373') in 0.039061 seconds
Number of updated asset objects reloaded before import = 0
Number of asset objects unloaded after import = 4
========================================================================
Received Import Request.
  Time since last request: 0.000049 seconds.
  path: Assets/Editor/RoadArchitect/RoadArchitect-master/Materials/Markers/GSDInterStretch-None-6L.mat
  artifactKey: Guid(386b4b7b118263946a377cabb0621fb6) Importer(815301076,1909f56bfc062723c751e8b465ee728b)
Start importing Assets/Editor/RoadArchitect/RoadArchitect-master/Materials/Markers/GSDInterStretch-None-6L.mat using Guid(386b4b7b118263946a377cabb0621fb6) Importer(815301076,1909f56bfc062723c751e8b465ee728b)  -> (artifact id: 'c88a7c68014309c7cda8bda372bf3e5c') in 0.039293 seconds
Number of updated asset objects reloaded before import = 0
Number of asset objects unloaded after import = 3
========================================================================
Received Import Request.
  Time since last request: 0.000025 seconds.
  path: Assets/Editor/RoadArchitect/RoadArchitect-master/Materials/Markers/GSDInterCenter-None-6L-3-crev.mat
  artifactKey: Guid(5dff3501eaf39a04f866412e06a7ec81) Importer(815301076,1909f56bfc062723c751e8b465ee728b)
Start importing Assets/Editor/RoadArchitect/RoadArchitect-master/Materials/Markers/GSDInterCenter-None-6L-3-crev.mat using Guid(5dff3501eaf39a04f866412e06a7ec81) Importer(815301076,1909f56bfc062723c751e8b465ee728b)  -> (artifact id: '65933ab25de12360e576cb3310603760') in 0.033347 seconds
Number of updated asset objects reloaded before import = 0
Number of asset objects unloaded after import = 3
========================================================================
Received Import Request.
  Time since last request: 0.000024 seconds.
  path: Assets/Editor/RoadArchitect/RoadArchitect-master/Materials/FedSigns/Diamond/General/GSDFedSign-diamond-Downgrade.mat
  artifactKey: Guid(add5b7eed10b2004aa27f9a4c52793d5) Importer(815301076,1909f56bfc062723c751e8b465ee728b)
Start importing Assets/Editor/RoadArchitect/RoadArchitect-master/Materials/FedSigns/Diamond/General/GSDFedSign-diamond-Downgrade.mat using Guid(add5b7eed10b2004aa27f9a4c52793d5) Importer(815301076,1909f56bfc062723c751e8b465ee728b)  -> (artifact id: '798f8cecf6ee23548661fcbf5feff106') in 0.038948 seconds
Number of updated asset objects reloaded before import = 0
Number of asset objects unloaded after import = 4
========================================================================
Received Import Request.
  Time since last request: 0.000034 seconds.
  path: Assets/Editor/RoadArchitect/RoadArchitect-master/Materials/Markers/GSDWhiteYellowDouble-6L.mat
  artifactKey: Guid(8a6c9c9ae8656af4185586b3db1fa086) Importer(815301076,1909f56bfc062723c751e8b465ee728b)
Start importing Assets/Editor/RoadArchitect/RoadArchitect-master/Materials/Markers/GSDWhiteYellowDouble-6L.mat using Guid(8a6c9c9ae8656af4185586b3db1fa086) Importer(815301076,1909f56bfc062723c751e8b465ee728b)  -> (artifact id: '1089656c4c060f1418d55cdfee374de8') in 0.036470 seconds
Number of updated asset objects reloaded before import = 0
Number of asset objects unloaded after import = 3
========================================================================
Received Import Request.
  Time since last request: 0.000043 seconds.
  path: Assets/Editor/RoadArchitect/RoadArchitect-master/Materials/Markers/GSDWhiteYellowPassLeft.mat
  artifactKey: Guid(62f02b2952c0ba04aab042127c2e6373) Importer(815301076,1909f56bfc062723c751e8b465ee728b)
Start importing Assets/Editor/RoadArchitect/RoadArchitect-master/Materials/Markers/GSDWhiteYellowPassLeft.mat using Guid(62f02b2952c0ba04aab042127c2e6373) Importer(815301076,1909f56bfc062723c751e8b465ee728b)  -> (artifact id: '20afdbb1523c0a6e38e038e808a55d45') in 0.038897 seconds
Number of updated asset objects reloaded before import = 0
Number of asset objects unloaded after import = 3
========================================================================
Received Import Request.
  Time since last request: 0.000033 seconds.
  path: Assets/Editor/RoadArchitect/RoadArchitect-master/Materials/Markers/GSDInterStretch-None-2L.mat
  artifactKey: Guid(e990da21d249c844fb07428970e3df12) Importer(815301076,1909f56bfc062723c751e8b465ee728b)
Start importing Assets/Editor/RoadArchitect/RoadArchitect-master/Materials/Markers/GSDInterStretch-None-2L.mat using Guid(e990da21d249c844fb07428970e3df12) Importer(815301076,1909f56bfc062723c751e8b465ee728b)  -> (artifact id: '13dfdd73900328c33d37570625c01c65') in 0.025873 seconds
Number of updated asset objects reloaded before import = 0
Number of asset objects unloaded after import = 3
========================================================================
Received Import Request.
  Time since last request: 0.000053 seconds.
  path: Assets/Editor/RoadArchitect/RoadArchitect-master/Materials/FedSigns/Square/GSDFedSign-Square-NoTurnLeft.mat
  artifactKey: Guid(84474b33ca6d81c49b2106497c92a8a3) Importer(815301076,1909f56bfc062723c751e8b465ee728b)
Start importing Assets/Editor/RoadArchitect/RoadArchitect-master/Materials/FedSigns/Square/GSDFedSign-Square-NoTurnLeft.mat using Guid(84474b33ca6d81c49b2106497c92a8a3) Importer(815301076,1909f56bfc062723c751e8b465ee728b)  -> (artifact id: 'b937e2c3b7c533a926fa293e8addda92') in 0.044351 seconds
Number of updated asset objects reloaded before import = 0
Number of asset objects unloaded after import = 4
========================================================================
Received Import Request.
  Time since last request: 0.000044 seconds.
  path: Assets/Editor/RoadArchitect/RoadArchitect-master/Materials/Markers/GSDInterLaneDisabledOuterR.mat
  artifactKey: Guid(0e43b8fdbe2af0849bff5069e269146d) Importer(815301076,1909f56bfc062723c751e8b465ee728b)
Start importing Assets/Editor/RoadArchitect/RoadArchitect-master/Materials/Markers/GSDInterLaneDisabledOuterR.mat using Guid(0e43b8fdbe2af0849bff5069e269146d) Importer(815301076,1909f56bfc062723c751e8b465ee728b)  -> (artifact id: '86e6b98ed3169e87da13258190f8596f') in 0.036316 seconds
Number of updated asset objects reloaded before import = 0
Number of asset objects unloaded after import = 3
========================================================================
Received Import Request.
  Time since last request: 0.000034 seconds.
  path: Assets/Editor/RoadArchitect/RoadArchitect-master/Materials/FedSigns/Diamond/General/GSDFedSign-diamond-DustStorms.mat
  artifactKey: Guid(d73aab2c3d6fea24d881962dd029c3c4) Importer(815301076,1909f56bfc062723c751e8b465ee728b)
Start importing Assets/Editor/RoadArchitect/RoadArchitect-master/Materials/FedSigns/Diamond/General/GSDFedSign-diamond-DustStorms.mat using Guid(d73aab2c3d6fea24d881962dd029c3c4) Importer(815301076,1909f56bfc062723c751e8b465ee728b)  -> (artifact id: '363cc72a4f22de190e268cc67330d568') in 0.024567 seconds
Number of updated asset objects reloaded before import = 0
Number of asset objects unloaded after import = 4
========================================================================
Received Import Request.
  Time since last request: 0.000044 seconds.
  path: Assets/Editor/RoadArchitect/RoadArchitect-master/Materials/FedSigns/Diamond/General/GSDFedSign-diamond-LowFlyingAircraft1.mat
  artifactKey: Guid(9528bec53fd2d4d47a0657d244eea1d2) Importer(815301076,1909f56bfc062723c751e8b465ee728b)
Start importing Assets/Editor/RoadArchitect/RoadArchitect-master/Materials/FedSigns/Diamond/General/GSDFedSign-diamond-LowFlyingAircraft1.mat using Guid(9528bec53fd2d4d47a0657d244eea1d2) Importer(815301076,1909f56bfc062723c751e8b465ee728b)  -> (artifact id: '802ec8b41d074813a25b43440c919409') in 0.025788 seconds
Number of updated asset objects reloaded before import = 0
Number of asset objects unloaded after import = 4
========================================================================
Received Import Request.
  Time since last request: 0.000028 seconds.
  path: Assets/Editor/RoadArchitect/RoadArchitect-master/Materials/FedSigns/Diamond/General/GSDFedSign-diamond-LaneEndsMergeLeft.mat
  artifactKey: Guid(c7f9b1297b9296c48a6da71aebf7343a) Importer(815301076,1909f56bfc062723c751e8b465ee728b)
Start importing Assets/Editor/RoadArchitect/RoadArchitect-master/Materials/FedSigns/Diamond/General/GSDFedSign-diamond-LaneEndsMergeLeft.mat using Guid(c7f9b1297b9296c48a6da71aebf7343a) Importer(815301076,1909f56bfc062723c751e8b465ee728b)  -> (artifact id: 'b9544cd6708315966ee2c47ccfdea267') in 0.032351 seconds
Number of updated asset objects reloaded before import = 0
Number of asset objects unloaded after import = 4
========================================================================
Received Import Request.
  Time since last request: 0.000028 seconds.
  path: Assets/Editor/RoadArchitect/RoadArchitect-master/Materials/FedSigns/Square/GSDFedSign-Square-NoParking.mat
  artifactKey: Guid(b530bc0fe907d2e4e8a046b173b6ee55) Importer(815301076,1909f56bfc062723c751e8b465ee728b)
Start importing Assets/Editor/RoadArchitect/RoadArchitect-master/Materials/FedSigns/Square/GSDFedSign-Square-NoParking.mat using Guid(b530bc0fe907d2e4e8a046b173b6ee55) Importer(815301076,1909f56bfc062723c751e8b465ee728b)  -> (artifact id: 'c10878a5f66cdbe420b950ada12244aa') in 0.031865 seconds
Number of updated asset objects reloaded before import = 0
Number of asset objects unloaded after import = 4
========================================================================
Received Import Request.
  Time since last request: 0.000034 seconds.
  path: Assets/Editor/RoadArchitect/RoadArchitect-master/Materials/FedSigns/Square/GSDFedSign-Square-NoStraight.mat
  artifactKey: Guid(5b8f916a95ec71a44a9ca99a7025df19) Importer(815301076,1909f56bfc062723c751e8b465ee728b)
Start importing Assets/Editor/RoadArchitect/RoadArchitect-master/Materials/FedSigns/Square/GSDFedSign-Square-NoStraight.mat using Guid(5b8f916a95ec71a44a9ca99a7025df19) Importer(815301076,1909f56bfc062723c751e8b465ee728b)  -> (artifact id: 'deb02573184aff8793784e4118283058') in 0.026862 seconds
Number of updated asset objects reloaded before import = 0
Number of asset objects unloaded after import = 4
========================================================================
Received Import Request.
  Time since last request: 0.000104 seconds.
  path: Assets/Editor/RoadArchitect/RoadArchitect-master/Materials/FedSigns/Square/GSDFedSign-Square-NoTrucks2.mat
  artifactKey: Guid(6f27a355ef1a5af489752059c4a985e7) Importer(815301076,1909f56bfc062723c751e8b465ee728b)
Start importing Assets/Editor/RoadArchitect/RoadArchitect-master/Materials/FedSigns/Square/GSDFedSign-Square-NoTrucks2.mat using Guid(6f27a355ef1a5af489752059c4a985e7) Importer(815301076,1909f56bfc062723c751e8b465ee728b)  -> (artifact id: '8377b9e2e0cd259167f54662987ebc24') in 0.042213 seconds
Number of updated asset objects reloaded before import = 0
Number of asset objects unloaded after import = 4
========================================================================
Received Import Request.
  Time since last request: 0.000041 seconds.
  path: Assets/Editor/RoadArchitect/RoadArchitect-master/Materials/FedSigns/Square/GSDFedSign-Square-NoMotorVehicles.mat
  artifactKey: Guid(c2d6e2757bb7f2848bbc78ef8d08e244) Importer(815301076,1909f56bfc062723c751e8b465ee728b)
Start importing Assets/Editor/RoadArchitect/RoadArchitect-master/Materials/FedSigns/Square/GSDFedSign-Square-NoMotorVehicles.mat using Guid(c2d6e2757bb7f2848bbc78ef8d08e244) Importer(815301076,1909f56bfc062723c751e8b465ee728b)  -> (artifact id: 'f88cfbbcc9cf49d33bfa7ba38b5baa0f') in 0.039341 seconds
Number of updated asset objects reloaded before import = 0
Number of asset objects unloaded after import = 4
========================================================================
Received Import Request.
  Time since last request: 0.000043 seconds.
  path: Assets/Editor/RoadArchitect/RoadArchitect-master/Materials/Markers/GSDWhiteYellowDouble-4L.mat
  artifactKey: Guid(ed572d8002158994083807470ac48cfe) Importer(815301076,1909f56bfc062723c751e8b465ee728b)
Start importing Assets/Editor/RoadArchitect/RoadArchitect-master/Materials/Markers/GSDWhiteYellowDouble-4L.mat using Guid(ed572d8002158994083807470ac48cfe) Importer(815301076,1909f56bfc062723c751e8b465ee728b)  -> (artifact id: '88b2514fc076bec07cd85133611d564b') in 0.026207 seconds
Number of updated asset objects reloaded before import = 0
Number of asset objects unloaded after import = 3
========================================================================
Received Import Request.
  Time since last request: 0.000029 seconds.
  path: Assets/Editor/RoadArchitect/RoadArchitect-master/Materials/Markers/GSDInterStretch-Left-6L.mat
  artifactKey: Guid(4c4e33fa8e835dd4881168a1833c11be) Importer(815301076,1909f56bfc062723c751e8b465ee728b)
Start importing Assets/Editor/RoadArchitect/RoadArchitect-master/Materials/Markers/GSDInterStretch-Left-6L.mat using Guid(4c4e33fa8e835dd4881168a1833c11be) Importer(815301076,1909f56bfc062723c751e8b465ee728b)  -> (artifact id: '925a13330f204693915e7f5090ab57d6') in 0.028456 seconds
Number of updated asset objects reloaded before import = 0
Number of asset objects unloaded after import = 3
========================================================================
Received Import Request.
  Time since last request: 0.000111 seconds.
  path: Assets/Editor/RoadArchitect/RoadArchitect-master/Materials/FedSigns/Diamond/General/GSDFedSign-diamond-BalloonLaunchArea.mat
  artifactKey: Guid(e93ddb9cdde1f834f908390ce29b7b37) Importer(815301076,1909f56bfc062723c751e8b465ee728b)
Start importing Assets/Editor/RoadArchitect/RoadArchitect-master/Materials/FedSigns/Diamond/General/GSDFedSign-diamond-BalloonLaunchArea.mat using Guid(e93ddb9cdde1f834f908390ce29b7b37) Importer(815301076,1909f56bfc062723c751e8b465ee728b)  -> (artifact id: '042b6842007008d60f40bdf796a536cf') in 0.026325 seconds
Number of updated asset objects reloaded before import = 0
Number of asset objects unloaded after import = 4
========================================================================
Received Import Request.
  Time since last request: 0.000027 seconds.
  path: Assets/Editor/RoadArchitect/RoadArchitect-master/Materials/Markers/GSDInterCenter-None-4L-3-crev.mat
  artifactKey: Guid(dc44655e8ee85ac42b9ada97126b8cae) Importer(815301076,1909f56bfc062723c751e8b465ee728b)
Start importing Assets/Editor/RoadArchitect/RoadArchitect-master/Materials/Markers/GSDInterCenter-None-4L-3-crev.mat using Guid(dc44655e8ee85ac42b9ada97126b8cae) Importer(815301076,1909f56bfc062723c751e8b465ee728b)  -> (artifact id: '927be0006258d699a0518e15f1c7671b') in 0.015114 seconds
Number of updated asset objects reloaded before import = 0
Number of asset objects unloaded after import = 3
========================================================================
Received Import Request.
  Time since last request: 0.000028 seconds.
  path: Assets/Editor/RoadArchitect/RoadArchitect-master/Materials/Markers/GSDInterStretch-Both-2L.mat
  artifactKey: Guid(f2ade6e885553ae4d9d7177f9df91e05) Importer(815301076,1909f56bfc062723c751e8b465ee728b)
Start importing Assets/Editor/RoadArchitect/RoadArchitect-master/Materials/Markers/GSDInterStretch-Both-2L.mat using Guid(f2ade6e885553ae4d9d7177f9df91e05) Importer(815301076,1909f56bfc062723c751e8b465ee728b)  -> (artifact id: '36176f7b78b3fbd9939ea1c871ee1c00') in 0.036602 seconds
Number of updated asset objects reloaded before import = 0
Number of asset objects unloaded after import = 3
========================================================================
Received Import Request.
  Time since last request: 0.000036 seconds.
  path: Assets/Editor/RoadArchitect/RoadArchitect-master/Materials/FedSigns/Diamond/General/GSDFedSign-diamond-ATV.mat
  artifactKey: Guid(1f869cc7f772846428f09d9443b8842a) Importer(815301076,1909f56bfc062723c751e8b465ee728b)
Start importing Assets/Editor/RoadArchitect/RoadArchitect-master/Materials/FedSigns/Diamond/General/GSDFedSign-diamond-ATV.mat using Guid(1f869cc7f772846428f09d9443b8842a) Importer(815301076,1909f56bfc062723c751e8b465ee728b)  -> (artifact id: '455908eb607759f9c42ce40af0bac3b1') in 0.035652 seconds
Number of updated asset objects reloaded before import = 0
Number of asset objects unloaded after import = 4
========================================================================
Received Import Request.
  Time since last request: 0.000076 seconds.
  path: Assets/Editor/RoadArchitect/RoadArchitect-master/Materials/FedSigns/Diamond/General/GSDFedSign-diamond-EmergencyVehicles.mat
  artifactKey: Guid(6f4405d7ecf0cc14f801b0b1c250f301) Importer(815301076,1909f56bfc062723c751e8b465ee728b)
Start importing Assets/Editor/RoadArchitect/RoadArchitect-master/Materials/FedSigns/Diamond/General/GSDFedSign-diamond-EmergencyVehicles.mat using Guid(6f4405d7ecf0cc14f801b0b1c250f301) Importer(815301076,1909f56bfc062723c751e8b465ee728b)  -> (artifact id: '61f789b47620f74faa01781278d79db5') in 0.025137 seconds
Number of updated asset objects reloaded before import = 0
Number of asset objects unloaded after import = 4
========================================================================
Received Import Request.
  Time since last request: 0.000035 seconds.
  path: Assets/Editor/RoadArchitect/RoadArchitect-master/Materials/FedSigns/Square/GSDFedSign-Square-NoPed.mat
  artifactKey: Guid(c695e56108401b3428cdf41470fa99fb) Importer(815301076,1909f56bfc062723c751e8b465ee728b)
Start importing Assets/Editor/RoadArchitect/RoadArchitect-master/Materials/FedSigns/Square/GSDFedSign-Square-NoPed.mat using Guid(c695e56108401b3428cdf41470fa99fb) Importer(815301076,1909f56bfc062723c751e8b465ee728b)  -> (artifact id: 'ce8926b359be3dc3b1e4cbba2a448763') in 0.026378 seconds
Number of updated asset objects reloaded before import = 0
Number of asset objects unloaded after import = 4
========================================================================
Received Import Request.
  Time since last request: 0.000041 seconds.
  path: Assets/Editor/RoadArchitect/RoadArchitect-master/Materials/FedSigns/Diamond/General/GSDFedSign-diamond-Underpass.mat
  artifactKey: Guid(3bcc9e7766194244bb314bca14e27fe6) Importer(815301076,1909f56bfc062723c751e8b465ee728b)
Start importing Assets/Editor/RoadArchitect/RoadArchitect-master/Materials/FedSigns/Diamond/General/GSDFedSign-diamond-Underpass.mat using Guid(3bcc9e7766194244bb314bca14e27fe6) Importer(815301076,1909f56bfc062723c751e8b465ee728b)  -> (artifact id: '0924178abed62a6cdaab597646fa4f62') in 0.030984 seconds
Number of updated asset objects reloaded before import = 0
Number of asset objects unloaded after import = 4
========================================================================
Received Import Request.
  Time since last request: 0.000029 seconds.
  path: Assets/Editor/RoadArchitect/RoadArchitect-master/Materials/Markers/GSDInterLaneDisabledOuterRR.mat
  artifactKey: Guid(f4eda78aa1f92d74190b5056f9f5adde) Importer(815301076,1909f56bfc062723c751e8b465ee728b)
Start importing Assets/Editor/RoadArchitect/RoadArchitect-master/Materials/Markers/GSDInterLaneDisabledOuterRR.mat using Guid(f4eda78aa1f92d74190b5056f9f5adde) Importer(815301076,1909f56bfc062723c751e8b465ee728b)  -> (artifact id: '688ddbf6147ee204bb1185119ccf5235') in 0.034324 seconds
Number of updated asset objects reloaded before import = 0
Number of asset objects unloaded after import = 3
========================================================================
Received Import Request.
  Time since last request: 0.000034 seconds.
  path: Assets/Editor/RoadArchitect/RoadArchitect-master/Materials/FedSigns/Diamond/General/GSDFedSign-diamond-TurnLeft45.mat
  artifactKey: Guid(c37c50de5861e6f4995efea4cdf9b78d) Importer(815301076,1909f56bfc062723c751e8b465ee728b)
Start importing Assets/Editor/RoadArchitect/RoadArchitect-master/Materials/FedSigns/Diamond/General/GSDFedSign-diamond-TurnLeft45.mat using Guid(c37c50de5861e6f4995efea4cdf9b78d) Importer(815301076,1909f56bfc062723c751e8b465ee728b)  -> (artifact id: '5cfb898e9e072960093c11561af9c1c7') in 0.038491 seconds
Number of updated asset objects reloaded before import = 0
Number of asset objects unloaded after import = 4
========================================================================
Received Import Request.
  Time since last request: 0.000040 seconds.
  path: Assets/Editor/RoadArchitect/RoadArchitect-master/Materials/FedSigns/Diamond/General/GSDFedSign-diamond-BridgeMayBeIcy.mat
  artifactKey: Guid(554742acf35b44146ada08c487aaf04c) Importer(815301076,1909f56bfc062723c751e8b465ee728b)
Start importing Assets/Editor/RoadArchitect/RoadArchitect-master/Materials/FedSigns/Diamond/General/GSDFedSign-diamond-BridgeMayBeIcy.mat using Guid(554742acf35b44146ada08c487aaf04c) Importer(815301076,1909f56bfc062723c751e8b465ee728b)  -> (artifact id: '09e40234eed7619d25b8698bea696bcb') in 0.020404 seconds
Number of updated asset objects reloaded before import = 0
Number of asset objects unloaded after import = 4
========================================================================
Received Import Request.
  Time since last request: 0.000058 seconds.
  path: Assets/Editor/RoadArchitect/RoadArchitect-master/Materials/FedSigns/Diamond/Animals/GSDFedSign-diamond-Cow.mat
  artifactKey: Guid(9cbcac265f1e111429159492d368a8b4) Importer(815301076,1909f56bfc062723c751e8b465ee728b)
Start importing Assets/Editor/RoadArchitect/RoadArchitect-master/Materials/FedSigns/Diamond/Animals/GSDFedSign-diamond-Cow.mat using Guid(9cbcac265f1e111429159492d368a8b4) Importer(815301076,1909f56bfc062723c751e8b465ee728b)  -> (artifact id: '4bedf48c824b5daa469647a320be2d05') in 0.023937 seconds
Number of updated asset objects reloaded before import = 0
Number of asset objects unloaded after import = 4
