Using pre-set license
Built from '2022.3/staging' branch; Version is '2022.3.24f1 (334eb2a0b267) revision 3362482'; Using compiler version '192829333'; Build Type 'Release'
OS: 'Windows 11  (10.0.22631) 64bit Professional' Language: 'en' Physical Memory: 24434 MB
BatchMode: 1, IsHumanControllingUs: 0, StartBugReporterOnCrash: 0, Is64bit: 1, IsPro: 1

COMMAND LINE ARGUMENTS:
C:\Program Files\Unity\Hub\Editor\2022.3.24f1\Editor\Unity.exe
-adb2
-batchMode
-noUpm
-name
AssetImportWorker0
-projectPath
C:/Users/Arjit Kumar/Desktop/The Watch/The Watch
-logFile
Logs/AssetImportWorker0.log
-srvPort
53661
Successfully changed project path to: C:/Users/Arjit Kumar/Desktop/The Watch/The Watch
C:/Users/Arjit Kumar/Desktop/The Watch/The Watch
[UnityMemory] Configuration Parameters - Can be set up in boot.config
    "memorysetup-bucket-allocator-granularity=16"
    "memorysetup-bucket-allocator-bucket-count=8"
    "memorysetup-bucket-allocator-block-size=33554432"
    "memorysetup-bucket-allocator-block-count=8"
    "memorysetup-main-allocator-block-size=16777216"
    "memorysetup-thread-allocator-block-size=16777216"
    "memorysetup-gfx-main-allocator-block-size=16777216"
    "memorysetup-gfx-thread-allocator-block-size=16777216"
    "memorysetup-cache-allocator-block-size=4194304"
    "memorysetup-typetree-allocator-block-size=2097152"
    "memorysetup-profiler-bucket-allocator-granularity=16"
    "memorysetup-profiler-bucket-allocator-bucket-count=8"
    "memorysetup-profiler-bucket-allocator-block-size=33554432"
    "memorysetup-profiler-bucket-allocator-block-count=8"
    "memorysetup-profiler-allocator-block-size=16777216"
    "memorysetup-profiler-editor-allocator-block-size=1048576"
    "memorysetup-temp-allocator-size-main=16777216"
    "memorysetup-job-temp-allocator-block-size=2097152"
    "memorysetup-job-temp-allocator-block-size-background=1048576"
    "memorysetup-job-temp-allocator-reduction-small-platforms=262144"
    "memorysetup-allocator-temp-initial-block-size-main=262144"
    "memorysetup-allocator-temp-initial-block-size-worker=262144"
    "memorysetup-temp-allocator-size-background-worker=32768"
    "memorysetup-temp-allocator-size-job-worker=262144"
    "memorysetup-temp-allocator-size-preload-manager=33554432"
    "memorysetup-temp-allocator-size-nav-mesh-worker=65536"
    "memorysetup-temp-allocator-size-audio-worker=65536"
    "memorysetup-temp-allocator-size-cloud-worker=32768"
    "memorysetup-temp-allocator-size-gi-baking-worker=262144"
    "memorysetup-temp-allocator-size-gfx=262144"
Player connection [11548] Host "[IP] 192.168.29.240 [Port] 0 [Flags] 2 [Guid] 4143014556 [EditorId] 4143014556 [Version] 1048832 [Id] WindowsEditor(7,DESKTOP-I8I8OKE) [Debug] 1 [PackageName] WindowsEditor [ProjectName] Editor" joined multi-casting on [225.0.0.222:54997]...

Player connection [11548] Host "[IP] 192.168.29.240 [Port] 0 [Flags] 2 [Guid] 4143014556 [EditorId] 4143014556 [Version] 1048832 [Id] WindowsEditor(7,DESKTOP-I8I8OKE) [Debug] 1 [PackageName] WindowsEditor [ProjectName] Editor" joined alternative multi-casting on [225.0.0.222:34997]...

[Physics::Module] Initialized MultithreadedJobDispatcher with 7 workers.
Refreshing native plugins compatible for Editor in 1907.94 ms, found 3 plugins.
Preloading 0 native plugins for Editor in 0.00 ms.
Initialize engine version: 2022.3.24f1 (334eb2a0b267)
[Subsystems] Discovering subsystems at path C:/Program Files/Unity/Hub/Editor/2022.3.24f1/Editor/Data/Resources/UnitySubsystems
[Subsystems] Discovering subsystems at path C:/Users/Arjit Kumar/Desktop/The Watch/The Watch/Assets
GfxDevice: creating device client; threaded=0; jobified=0
Direct3D:
    Version:  Direct3D 11.0 [level 11.1]
    Renderer: Intel(R) UHD Graphics 620 (ID=0x5917)
    Vendor:   Intel
    VRAM:     12217 MB
    Driver:   31.0.101.2115
Initialize mono
Mono path[0] = 'C:/Program Files/Unity/Hub/Editor/2022.3.24f1/Editor/Data/Managed'
Mono path[1] = 'C:/Program Files/Unity/Hub/Editor/2022.3.24f1/Editor/Data/MonoBleedingEdge/lib/mono/unityjit-win32'
Mono config path = 'C:/Program Files/Unity/Hub/Editor/2022.3.24f1/Editor/Data/MonoBleedingEdge/etc'
Using monoOptions --debugger-agent=transport=dt_socket,embedding=1,server=y,suspend=n,address=127.0.0.1:56876
Begin MonoManager ReloadAssembly
Registering precompiled unity dll's ...
Register platform support module: C:/Program Files/Unity/Hub/Editor/2022.3.24f1/Editor/Data/PlaybackEngines/WindowsStandaloneSupport/UnityEditor.WindowsStandalone.Extensions.dll
Registered in 0.330438 seconds.
- Loaded All Assemblies, in 12.592 seconds
Native extension for WindowsStandalone target not found
Mono: successfully reloaded assembly
- Finished resetting the current domain, in  0.669 seconds
Domain Reload Profiling: 13261ms
	BeginReloadAssembly (9984ms)
		ExecutionOrderSort (0ms)
		DisableScriptedObjects (0ms)
		BackupInstance (0ms)
		ReleaseScriptingObjects (0ms)
		CreateAndSetChildDomain (1ms)
	RebuildCommonClasses (689ms)
	RebuildNativeTypeToScriptingClass (25ms)
	initialDomainReloadingComplete (442ms)
	LoadAllAssembliesAndSetupDomain (1450ms)
		LoadAssemblies (9981ms)
		RebuildTransferFunctionScriptingTraits (0ms)
		AnalyzeDomain (1446ms)
			TypeCache.Refresh (1443ms)
				TypeCache.ScanAssembly (836ms)
			ScanForSourceGeneratedMonoScriptInfo (1ms)
			ResolveRequiredComponents (1ms)
	FinalizeReload (671ms)
		ReleaseScriptCaches (0ms)
		RebuildScriptCaches (0ms)
		SetupLoadedEditorAssemblies (533ms)
			LogAssemblyErrors (0ms)
			InitializePlatformSupportModulesInManaged (21ms)
			SetLoadedEditorAssemblies (17ms)
			RefreshPlugins (0ms)
			BeforeProcessingInitializeOnLoad (5ms)
			ProcessInitializeOnLoadAttributes (363ms)
			ProcessInitializeOnLoadMethodAttributes (125ms)
			AfterProcessingInitializeOnLoad (0ms)
			EditorAssembliesLoaded (0ms)
		ExecutionOrderSort2 (0ms)
		AwakeInstancesAfterBackupRestoration (0ms)
========================================================================
Worker process is ready to serve import requests
Begin MonoManager ReloadAssembly
- Loaded All Assemblies, in 17.354 seconds
Refreshing native plugins compatible for Editor in 6.47 ms, found 3 plugins.
Native extension for WindowsStandalone target not found
Package Manager log level set to [2]
[Package Manager] Server::EnsureServerProcessIsRunning -- launch failed, reason: Unity was launched with the -noUpm command-line argument
[Package Manager] UpmClient::Send -- Unable to send message (not connected to UPM process).
[Package Manager] Cannot connect to Unity Package Manager local server
Mono: successfully reloaded assembly
- Finished resetting the current domain, in  1.608 seconds
Domain Reload Profiling: 18958ms
	BeginReloadAssembly (357ms)
		ExecutionOrderSort (0ms)
		DisableScriptedObjects (13ms)
		BackupInstance (0ms)
		ReleaseScriptingObjects (0ms)
		CreateAndSetChildDomain (44ms)
	RebuildCommonClasses (83ms)
	RebuildNativeTypeToScriptingClass (25ms)
	initialDomainReloadingComplete (94ms)
	LoadAllAssembliesAndSetupDomain (16789ms)
		LoadAssemblies (15688ms)
		RebuildTransferFunctionScriptingTraits (0ms)
		AnalyzeDomain (1312ms)
			TypeCache.Refresh (1228ms)
				TypeCache.ScanAssembly (1109ms)
			ScanForSourceGeneratedMonoScriptInfo (59ms)
			ResolveRequiredComponents (24ms)
	FinalizeReload (1609ms)
		ReleaseScriptCaches (0ms)
		RebuildScriptCaches (0ms)
		SetupLoadedEditorAssemblies (1219ms)
			LogAssemblyErrors (0ms)
			InitializePlatformSupportModulesInManaged (12ms)
			SetLoadedEditorAssemblies (9ms)
			RefreshPlugins (0ms)
			BeforeProcessingInitializeOnLoad (178ms)
			ProcessInitializeOnLoadAttributes (838ms)
			ProcessInitializeOnLoadMethodAttributes (169ms)
			AfterProcessingInitializeOnLoad (12ms)
			EditorAssembliesLoaded (0ms)
		ExecutionOrderSort2 (0ms)
		AwakeInstancesAfterBackupRestoration (19ms)
Launched and connected shader compiler UnityShaderCompiler.exe after 0.15 seconds
Refreshing native plugins compatible for Editor in 6.08 ms, found 3 plugins.
Preloading 0 native plugins for Editor in 0.00 ms.
Unloading 5371 Unused Serialized files (Serialized files now loaded: 0)
Unloading 71 unused Assets / (0.6 MB). Loaded Objects now: 5831.
Memory consumption went from 224.0 MB to 223.4 MB.
Total: 10.225200 ms (FindLiveObjects: 1.104300 ms CreateObjectMapping: 1.013500 ms MarkObjects: 7.281200 ms  DeleteObjects: 0.824000 ms)

AssetImportParameters requested are different than current active one (requested -> active):
  custom:container-demuxer-ogg: 62fdf1f143b41e24485cea50d1cbac27 -> 
  custom:video-decoder-ogg-theora: a1e56fd34408186e4bbccfd4996cb3dc -> 
  custom:framework-win-MediaFoundation: 216162199b28c13a410421893ffa2e32 -> 
  custom:CustomObjectIndexerAttribute: 72b91833f83ae208fae7752999fa3104 -> 
  custom:container-demuxer-webm: 4f35f7cbe854078d1ac9338744f61a02 -> 
  custom:container-muxer-webm: aa71ff27fc2769a1b78a27578f13a17b -> 
  custom:video-decoder-webm-vp8: 9c59270c3fd7afecdb556c50c9e8de78 -> 
  custom:SearchIndexIgnoredProperties: e643bd26f0fe6173181afceb89e7c659 -> 
  custom:AudioImporter_EditorPlatform: d09bf68614088b80899f8185d706f6e7 -> 
  custom:video-encoder-webm-vp8: eb34c28f22e8b96e1ab97ce403110664 -> 
  custom:audio-decoder-ogg-vorbis: bf7c407c2cedff20999df2af8eb42d56 -> 
  custom:audio-encoder-webm-vorbis: bf7c407c2cedff20999df2af8eb42d56 -> 
========================================================================
Received Import Request.
  Time since last request: 27121.352202 seconds.
  path: Assets/Materials/brick-heap-x_u1_v1.002.mat
  artifactKey: Guid(b8801039e276fa04c9d49927806ee954) Importer(815301076,1909f56bfc062723c751e8b465ee728b)
Start importing Assets/Materials/brick-heap-x_u1_v1.002.mat using Guid(b8801039e276fa04c9d49927806ee954) Importer(815301076,1909f56bfc062723c751e8b465ee728b)  -> (artifact id: '414a6ae490709023c8482ed315d04540') in 0.713245 seconds
Number of updated asset objects reloaded before import = 0
Number of asset objects unloaded after import = 3
========================================================================
Received Import Request.
  Time since last request: 0.000097 seconds.
  path: Assets/Materials/destroyed-debris.jpeg
  artifactKey: Guid(b61b9c52992f3354da7e27e9af76da4b) Importer(815301076,1909f56bfc062723c751e8b465ee728b)
Start importing Assets/Materials/destroyed-debris.jpeg using Guid(b61b9c52992f3354da7e27e9af76da4b) Importer(815301076,1909f56bfc062723c751e8b465ee728b)  -> (artifact id: '9435930ba7128549da709c77c3690084') in 0.056893 seconds
Number of updated asset objects reloaded before import = 0
Number of asset objects unloaded after import = 2
========================================================================
Received Import Request.
  Time since last request: 72.667449 seconds.
  path: Assets/Editor/RoadArchitect/RoadArchitect-master/Editor/Icons/edge.png
  artifactKey: Guid(55519bbb60b989747b88876c3dad1cee) Importer(815301076,1909f56bfc062723c751e8b465ee728b)
Start importing Assets/Editor/RoadArchitect/RoadArchitect-master/Editor/Icons/edge.png using Guid(55519bbb60b989747b88876c3dad1cee) Importer(815301076,1909f56bfc062723c751e8b465ee728b)  -> (artifact id: 'f0f5ace4885bb1ff70e5b2df9438af05') in 0.026796 seconds
Number of updated asset objects reloaded before import = 0
Number of asset objects unloaded after import = 2
========================================================================
Received Import Request.
  Time since last request: 0.000084 seconds.
  path: Assets/Editor/RoadArchitect/RoadArchitect-master/ManualImages/extrude.png
  artifactKey: Guid(7ac11a0949650ef48a917ecaca2e8618) Importer(815301076,1909f56bfc062723c751e8b465ee728b)
Start importing Assets/Editor/RoadArchitect/RoadArchitect-master/ManualImages/extrude.png using Guid(7ac11a0949650ef48a917ecaca2e8618) Importer(815301076,1909f56bfc062723c751e8b465ee728b)  -> (artifact id: '0354a43d74ae4f7b0838cc8976aed765') in 0.019191 seconds
Number of updated asset objects reloaded before import = 0
Number of asset objects unloaded after import = 2
========================================================================
Received Import Request.
  Time since last request: 0.000044 seconds.
  path: Assets/Editor/RoadArchitect/RoadArchitect-master/ManualImages/FlexBG.png
  artifactKey: Guid(8956dca5820eff146bb0f40d137080bd) Importer(815301076,1909f56bfc062723c751e8b465ee728b)
Start importing Assets/Editor/RoadArchitect/RoadArchitect-master/ManualImages/FlexBG.png using Guid(8956dca5820eff146bb0f40d137080bd) Importer(815301076,1909f56bfc062723c751e8b465ee728b)  -> (artifact id: '300559a0b1e9c90d015a9a5386e5fc49') in 0.034010 seconds
Number of updated asset objects reloaded before import = 0
Number of asset objects unloaded after import = 2
========================================================================
Received Import Request.
  Time since last request: 1.060857 seconds.
  path: Assets/Editor/RoadArchitect/RoadArchitect-master/Editor/Icons/FlexBG.png
  artifactKey: Guid(a9d72dffda9366d48accc6bb0e540d4e) Importer(815301076,1909f56bfc062723c751e8b465ee728b)
Start importing Assets/Editor/RoadArchitect/RoadArchitect-master/Editor/Icons/FlexBG.png using Guid(a9d72dffda9366d48accc6bb0e540d4e) Importer(815301076,1909f56bfc062723c751e8b465ee728b)  -> (artifact id: 'd81598791f69c285a8dc07bb5eea56cf') in 0.008810 seconds
Number of updated asset objects reloaded before import = 0
Number of asset objects unloaded after import = 2
========================================================================
Received Import Request.
  Time since last request: 0.022110 seconds.
  path: Assets/Editor/RoadArchitect/RoadArchitect-master/Editor/Library/Thumbs/GSDArch24m.png
  artifactKey: Guid(f563a9be794e77243a61147626829b67) Importer(815301076,1909f56bfc062723c751e8b465ee728b)
Start importing Assets/Editor/RoadArchitect/RoadArchitect-master/Editor/Library/Thumbs/GSDArch24m.png using Guid(f563a9be794e77243a61147626829b67) Importer(815301076,1909f56bfc062723c751e8b465ee728b)  -> (artifact id: 'b9c9d3554300f18ff26e4f19d0f764ec') in 0.024209 seconds
Number of updated asset objects reloaded before import = 0
Number of asset objects unloaded after import = 2
========================================================================
Received Import Request.
  Time since last request: 0.026558 seconds.
  path: Assets/Editor/RoadArchitect/RoadArchitect-master/Editor/Library/Thumbs/GSDAtten.png
  artifactKey: Guid(8146d4d4e0b298647ac731a6fad2c0a5) Importer(815301076,1909f56bfc062723c751e8b465ee728b)
Start importing Assets/Editor/RoadArchitect/RoadArchitect-master/Editor/Library/Thumbs/GSDAtten.png using Guid(8146d4d4e0b298647ac731a6fad2c0a5) Importer(815301076,1909f56bfc062723c751e8b465ee728b)  -> (artifact id: 'ceb855ddee2851366a0c1c9c470a08cc') in 0.018293 seconds
Number of updated asset objects reloaded before import = 0
Number of asset objects unloaded after import = 2
========================================================================
Received Import Request.
  Time since last request: 0.000029 seconds.
  path: Assets/Editor/RoadArchitect/RoadArchitect-master/Materials/Signs/Textures/GSDAtten_Normal.png
  artifactKey: Guid(cf0cda620fe473548968bc4de7c4b8dd) Importer(815301076,1909f56bfc062723c751e8b465ee728b)
Start importing Assets/Editor/RoadArchitect/RoadArchitect-master/Materials/Signs/Textures/GSDAtten_Normal.png using Guid(cf0cda620fe473548968bc4de7c4b8dd) Importer(815301076,1909f56bfc062723c751e8b465ee728b)  -> (artifact id: '203c83ac5b51e629c6d8eae63adc8340') in 0.079400 seconds
Number of updated asset objects reloaded before import = 0
Number of asset objects unloaded after import = 2
========================================================================
Received Import Request.
  Time since last request: 0.097005 seconds.
  path: Assets/Editor/RoadArchitect/RoadArchitect-master/Materials/Textures/GSDBrickRoad_Normal.png
  artifactKey: Guid(6d1117bfd13dc3d47928f1a50e1c3429) Importer(815301076,1909f56bfc062723c751e8b465ee728b)
Start importing Assets/Editor/RoadArchitect/RoadArchitect-master/Materials/Textures/GSDBrickRoad_Normal.png using Guid(6d1117bfd13dc3d47928f1a50e1c3429) Importer(815301076,1909f56bfc062723c751e8b465ee728b)  -> (artifact id: '002f3ef0d52a9a0159c64c7ac474d877') in 0.019752 seconds
Number of updated asset objects reloaded before import = 0
Number of asset objects unloaded after import = 2
========================================================================
Received Import Request.
  Time since last request: 0.035697 seconds.
  path: Assets/Editor/RoadArchitect/RoadArchitect-master/Editor/Library/Thumbs/GSDCableBarrier-Light.png
  artifactKey: Guid(b9ea769b9e5900145974d99d8d1c1149) Importer(815301076,1909f56bfc062723c751e8b465ee728b)
Start importing Assets/Editor/RoadArchitect/RoadArchitect-master/Editor/Library/Thumbs/GSDCableBarrier-Light.png using Guid(b9ea769b9e5900145974d99d8d1c1149) Importer(815301076,1909f56bfc062723c751e8b465ee728b)  -> (artifact id: 'de2d39372b5b84a12a376bcf8e7254b6') in 0.032365 seconds
Number of updated asset objects reloaded before import = 0
Number of asset objects unloaded after import = 2
========================================================================
Received Import Request.
  Time since last request: 0.016472 seconds.
  path: Assets/Editor/RoadArchitect/RoadArchitect-master/Materials/Textures/GSDCableBarrier_Normal.png
  artifactKey: Guid(523ae06539421d94ca0babf81449c1d3) Importer(815301076,1909f56bfc062723c751e8b465ee728b)
Start importing Assets/Editor/RoadArchitect/RoadArchitect-master/Materials/Textures/GSDCableBarrier_Normal.png using Guid(523ae06539421d94ca0babf81449c1d3) Importer(815301076,1909f56bfc062723c751e8b465ee728b)  -> (artifact id: '52a9bfcdefcdad1411eb5b02d2fb1b75') in 0.021201 seconds
Number of updated asset objects reloaded before import = 0
Number of asset objects unloaded after import = 2
========================================================================
Received Import Request.
  Time since last request: 0.000033 seconds.
  path: Assets/Editor/RoadArchitect/RoadArchitect-master/Editor/Library/Thumbs/GSDCauseway3.png
  artifactKey: Guid(56fa853555a49c14aacee895904f0bf2) Importer(815301076,1909f56bfc062723c751e8b465ee728b)
Start importing Assets/Editor/RoadArchitect/RoadArchitect-master/Editor/Library/Thumbs/GSDCauseway3.png using Guid(56fa853555a49c14aacee895904f0bf2) Importer(815301076,1909f56bfc062723c751e8b465ee728b)  -> (artifact id: '6b08cdedec329d0bcc343fd4b6aa0c93') in 0.024267 seconds
Number of updated asset objects reloaded before import = 0
Number of asset objects unloaded after import = 2
========================================================================
Received Import Request.
  Time since last request: 0.084148 seconds.
  path: Assets/Editor/RoadArchitect/RoadArchitect-master/Editor/Library/Thumbs/GSDCauseway4.png
  artifactKey: Guid(4ef6b1ce051f9574d986b240fc580d71) Importer(815301076,1909f56bfc062723c751e8b465ee728b)
Start importing Assets/Editor/RoadArchitect/RoadArchitect-master/Editor/Library/Thumbs/GSDCauseway4.png using Guid(4ef6b1ce051f9574d986b240fc580d71) Importer(815301076,1909f56bfc062723c751e8b465ee728b)  -> (artifact id: 'eb94d8485fec0480e834247edd45f9e4') in 0.038730 seconds
Number of updated asset objects reloaded before import = 0
Number of asset objects unloaded after import = 2
========================================================================
Received Import Request.
  Time since last request: 0.000029 seconds.
  path: Assets/Editor/RoadArchitect/RoadArchitect-master/Materials/Textures/GSDConcrete1_Diffuse.png
  artifactKey: Guid(6b70510c1c67f4449b638b58a83aa783) Importer(815301076,1909f56bfc062723c751e8b465ee728b)
Start importing Assets/Editor/RoadArchitect/RoadArchitect-master/Materials/Textures/GSDConcrete1_Diffuse.png using Guid(6b70510c1c67f4449b638b58a83aa783) Importer(815301076,1909f56bfc062723c751e8b465ee728b)  -> (artifact id: '60caab65972b38579e003de1e3af851d') in 0.033274 seconds
Number of updated asset objects reloaded before import = 0
Number of asset objects unloaded after import = 2
========================================================================
Received Import Request.
  Time since last request: 0.000088 seconds.
  path: Assets/Editor/RoadArchitect/RoadArchitect-master/Materials/Textures/GSDConcrete1_Normal.png
  artifactKey: Guid(22d0cc126934f7f409a041ff8af97712) Importer(815301076,1909f56bfc062723c751e8b465ee728b)
Start importing Assets/Editor/RoadArchitect/RoadArchitect-master/Materials/Textures/GSDConcrete1_Normal.png using Guid(22d0cc126934f7f409a041ff8af97712) Importer(815301076,1909f56bfc062723c751e8b465ee728b)  -> (artifact id: '27e6cccb383ef8900fa975998ee2753d') in 0.019097 seconds
Number of updated asset objects reloaded before import = 0
Number of asset objects unloaded after import = 2
========================================================================
Received Import Request.
  Time since last request: 0.000039 seconds.
  path: Assets/Editor/RoadArchitect/RoadArchitect-master/Materials/Textures/GSDConcrete2_Diffuse.png
  artifactKey: Guid(e609541c9e63cf8428a308c2f38daee9) Importer(815301076,1909f56bfc062723c751e8b465ee728b)
Start importing Assets/Editor/RoadArchitect/RoadArchitect-master/Materials/Textures/GSDConcrete2_Diffuse.png using Guid(e609541c9e63cf8428a308c2f38daee9) Importer(815301076,1909f56bfc062723c751e8b465ee728b)  -> (artifact id: 'cf5e9386af268b9424e0deaaf262cdec') in 0.027282 seconds
Number of updated asset objects reloaded before import = 0
Number of asset objects unloaded after import = 2
========================================================================
Received Import Request.
  Time since last request: 0.000072 seconds.
  path: Assets/Editor/RoadArchitect/RoadArchitect-master/Materials/Textures/GSDConcrete3_Diffuse.png
  artifactKey: Guid(f2796531f7e24514e8063f7b96ec5064) Importer(815301076,1909f56bfc062723c751e8b465ee728b)
Start importing Assets/Editor/RoadArchitect/RoadArchitect-master/Materials/Textures/GSDConcrete3_Diffuse.png using Guid(f2796531f7e24514e8063f7b96ec5064) Importer(815301076,1909f56bfc062723c751e8b465ee728b)  -> (artifact id: '3630d3fab8dbd26859b7e718b94be60f') in 0.030561 seconds
Number of updated asset objects reloaded before import = 0
Number of asset objects unloaded after import = 2
========================================================================
Received Import Request.
  Time since last request: 0.082682 seconds.
  path: Assets/Editor/RoadArchitect/RoadArchitect-master/Materials/Textures/GSDConcrete3_Normal.png
  artifactKey: Guid(59526a9a5e2028243a5e6e743e30b421) Importer(815301076,1909f56bfc062723c751e8b465ee728b)
Start importing Assets/Editor/RoadArchitect/RoadArchitect-master/Materials/Textures/GSDConcrete3_Normal.png using Guid(59526a9a5e2028243a5e6e743e30b421) Importer(815301076,1909f56bfc062723c751e8b465ee728b)  -> (artifact id: 'd3c9556156784aef0ae026ad1af7aee8') in 0.035397 seconds
Number of updated asset objects reloaded before import = 0
Number of asset objects unloaded after import = 2
========================================================================
Received Import Request.
  Time since last request: 0.000037 seconds.
  path: Assets/Editor/RoadArchitect/RoadArchitect-master/Materials/Textures/GSDConcrete4_Normal.png
  artifactKey: Guid(adabac239da3a1348944ebdc6dd73975) Importer(815301076,1909f56bfc062723c751e8b465ee728b)
Start importing Assets/Editor/RoadArchitect/RoadArchitect-master/Materials/Textures/GSDConcrete4_Normal.png using Guid(adabac239da3a1348944ebdc6dd73975) Importer(815301076,1909f56bfc062723c751e8b465ee728b)  -> (artifact id: '44d85e142f8ce57ad8d94143d1b9e766') in 0.029008 seconds
Number of updated asset objects reloaded before import = 0
Number of asset objects unloaded after import = 2
========================================================================
Received Import Request.
  Time since last request: 0.000027 seconds.
  path: Assets/Editor/RoadArchitect/RoadArchitect-master/Materials/Textures/GSDConcrete5_Normal.png
  artifactKey: Guid(628666f65fe72a14cb1a789e6107b62d) Importer(815301076,1909f56bfc062723c751e8b465ee728b)
Start importing Assets/Editor/RoadArchitect/RoadArchitect-master/Materials/Textures/GSDConcrete5_Normal.png using Guid(628666f65fe72a14cb1a789e6107b62d) Importer(815301076,1909f56bfc062723c751e8b465ee728b)  -> (artifact id: 'ab18167d2247ce6cb266f1f2b81050f9') in 0.020809 seconds
Number of updated asset objects reloaded before import = 0
Number of asset objects unloaded after import = 2
========================================================================
Received Import Request.
  Time since last request: 0.000030 seconds.
  path: Assets/Editor/RoadArchitect/RoadArchitect-master/Materials/Textures/GSDConcrete7_Diffuse.png
  artifactKey: Guid(04ed38019117a5844b5ca181ee343da5) Importer(815301076,1909f56bfc062723c751e8b465ee728b)
Start importing Assets/Editor/RoadArchitect/RoadArchitect-master/Materials/Textures/GSDConcrete7_Diffuse.png using Guid(04ed38019117a5844b5ca181ee343da5) Importer(815301076,1909f56bfc062723c751e8b465ee728b)  -> (artifact id: 'd77fb89251824c555dc4afb70c5555c0') in 0.027311 seconds
Number of updated asset objects reloaded before import = 0
Number of asset objects unloaded after import = 2
========================================================================
Received Import Request.
  Time since last request: 0.000025 seconds.
  path: Assets/Editor/RoadArchitect/RoadArchitect-master/Materials/Textures/GSDConcrete7_Normal.png
  artifactKey: Guid(d68fab7a6c68a5a428a54ba7621fccb2) Importer(815301076,1909f56bfc062723c751e8b465ee728b)
Start importing Assets/Editor/RoadArchitect/RoadArchitect-master/Materials/Textures/GSDConcrete7_Normal.png using Guid(d68fab7a6c68a5a428a54ba7621fccb2) Importer(815301076,1909f56bfc062723c751e8b465ee728b)  -> (artifact id: 'c30487f7d4c281abf338196dc5e96b0f') in 0.046630 seconds
Number of updated asset objects reloaded before import = 0
Number of asset objects unloaded after import = 2
========================================================================
Received Import Request.
  Time since last request: 1.043816 seconds.
  path: Assets/Editor/RoadArchitect/RoadArchitect-master/Materials/FedSigns/330/textures/GSDFedSign-330-MedianAlertRight_Diffuse.png
  artifactKey: Guid(7a8d492ccb93206449bab9d86067802f) Importer(815301076,1909f56bfc062723c751e8b465ee728b)
Start importing Assets/Editor/RoadArchitect/RoadArchitect-master/Materials/FedSigns/330/textures/GSDFedSign-330-MedianAlertRight_Diffuse.png using Guid(7a8d492ccb93206449bab9d86067802f) Importer(815301076,1909f56bfc062723c751e8b465ee728b)  -> (artifact id: 'f78afa23b1844ab1bab40a02765c877e') in 0.014411 seconds
Number of updated asset objects reloaded before import = 0
Number of asset objects unloaded after import = 2
========================================================================
Received Import Request.
  Time since last request: 0.000059 seconds.
  path: Assets/Editor/RoadArchitect/RoadArchitect-master/Materials/FedSigns/330/textures/GSDFedSign-330-NoParkingAnytimeLeft_Diffuse.png
  artifactKey: Guid(d541aa6dfef8f7c45af2b33d42577f1f) Importer(815301076,1909f56bfc062723c751e8b465ee728b)
Start importing Assets/Editor/RoadArchitect/RoadArchitect-master/Materials/FedSigns/330/textures/GSDFedSign-330-NoParkingAnytimeLeft_Diffuse.png using Guid(d541aa6dfef8f7c45af2b33d42577f1f) Importer(815301076,1909f56bfc062723c751e8b465ee728b)  -> (artifact id: '2f743249f5a92def39946ee4a7ad2fc0') in 0.014878 seconds
Number of updated asset objects reloaded before import = 0
Number of asset objects unloaded after import = 2
========================================================================
Received Import Request.
  Time since last request: 0.000036 seconds.
  path: Assets/Editor/RoadArchitect/RoadArchitect-master/Materials/FedSigns/330/textures/GSDFedSign-330-SlowVehiclesTurn_Diffuse.png
  artifactKey: Guid(55d64f4b66d9af94a897d6d3cc6a6e0c) Importer(815301076,1909f56bfc062723c751e8b465ee728b)
Start importing Assets/Editor/RoadArchitect/RoadArchitect-master/Materials/FedSigns/330/textures/GSDFedSign-330-SlowVehiclesTurn_Diffuse.png using Guid(55d64f4b66d9af94a897d6d3cc6a6e0c) Importer(815301076,1909f56bfc062723c751e8b465ee728b)  -> (artifact id: 'c0fbbe143dc594b89ad6ecde8776844c') in 0.035935 seconds
Number of updated asset objects reloaded before import = 0
Number of asset objects unloaded after import = 2
========================================================================
Received Import Request.
  Time since last request: 0.000032 seconds.
  path: Assets/Editor/RoadArchitect/RoadArchitect-master/Materials/FedSigns/330/textures/GSDFedSign-330-NoStanding_Diffuse.png
  artifactKey: Guid(52eaca46bcdb54845a3cb767dcca0690) Importer(815301076,1909f56bfc062723c751e8b465ee728b)
Start importing Assets/Editor/RoadArchitect/RoadArchitect-master/Materials/FedSigns/330/textures/GSDFedSign-330-NoStanding_Diffuse.png using Guid(52eaca46bcdb54845a3cb767dcca0690) Importer(815301076,1909f56bfc062723c751e8b465ee728b)  -> (artifact id: 'f0215899504c4ff5a65ac7579956f677') in 0.028795 seconds
Number of updated asset objects reloaded before import = 0
Number of asset objects unloaded after import = 2
========================================================================
Received Import Request.
  Time since last request: 0.000091 seconds.
  path: Assets/Editor/RoadArchitect/RoadArchitect-master/Materials/FedSigns/330/textures/GSDFedSign-330-ReservedParking_Diffuse.png
  artifactKey: Guid(165defd2536c80b4aaaed01f36cdafcc) Importer(815301076,1909f56bfc062723c751e8b465ee728b)
Start importing Assets/Editor/RoadArchitect/RoadArchitect-master/Materials/FedSigns/330/textures/GSDFedSign-330-ReservedParking_Diffuse.png using Guid(165defd2536c80b4aaaed01f36cdafcc) Importer(815301076,1909f56bfc062723c751e8b465ee728b)  -> (artifact id: '674c372165370d87834037766e270a34') in 0.027218 seconds
Number of updated asset objects reloaded before import = 0
Number of asset objects unloaded after import = 2
========================================================================
Received Import Request.
  Time since last request: 0.269857 seconds.
  path: Assets/Editor/RoadArchitect/RoadArchitect-master/Materials/FedSigns/Square/textures/GSDFedSign-Com-NoPlaying_Diffuse.png
  artifactKey: Guid(369de4227873b1d4da6d29630c270cbe) Importer(815301076,1909f56bfc062723c751e8b465ee728b)
Start importing Assets/Editor/RoadArchitect/RoadArchitect-master/Materials/FedSigns/Square/textures/GSDFedSign-Com-NoPlaying_Diffuse.png using Guid(369de4227873b1d4da6d29630c270cbe) Importer(815301076,1909f56bfc062723c751e8b465ee728b)  -> (artifact id: '4776e5462422cd89f2f50683b9e44a57') in 0.016548 seconds
Number of updated asset objects reloaded before import = 0
Number of asset objects unloaded after import = 2
========================================================================
Received Import Request.
  Time since last request: 0.000027 seconds.
  path: Assets/Editor/RoadArchitect/RoadArchitect-master/Materials/FedSigns/Square/textures/GSDFedSign-Com-NoTrucks_Diffuse.png
  artifactKey: Guid(3c072d6f3d53bba489b0ad57b6ec0253) Importer(815301076,1909f56bfc062723c751e8b465ee728b)
Start importing Assets/Editor/RoadArchitect/RoadArchitect-master/Materials/FedSigns/Square/textures/GSDFedSign-Com-NoTrucks_Diffuse.png using Guid(3c072d6f3d53bba489b0ad57b6ec0253) Importer(815301076,1909f56bfc062723c751e8b465ee728b)  -> (artifact id: '0a1104bfae7ad176fcb2bc6ec99d5717') in 0.016258 seconds
Number of updated asset objects reloaded before import = 0
Number of asset objects unloaded after import = 2
========================================================================
Received Import Request.
  Time since last request: 0.000027 seconds.
  path: Assets/Editor/RoadArchitect/RoadArchitect-master/Materials/FedSigns/Square/textures/GSDFedSign-Com-NoTurnLeft_Diffuse.png
  artifactKey: Guid(3bad53d34653584479a772af81901b99) Importer(815301076,1909f56bfc062723c751e8b465ee728b)
Start importing Assets/Editor/RoadArchitect/RoadArchitect-master/Materials/FedSigns/Square/textures/GSDFedSign-Com-NoTurnLeft_Diffuse.png using Guid(3bad53d34653584479a772af81901b99) Importer(815301076,1909f56bfc062723c751e8b465ee728b)  -> (artifact id: '01b04b144f4c5067e67e5a8033a6c861') in 0.038142 seconds
Number of updated asset objects reloaded before import = 0
Number of asset objects unloaded after import = 2
========================================================================
Received Import Request.
  Time since last request: 0.000021 seconds.
  path: Assets/Editor/RoadArchitect/RoadArchitect-master/Materials/FedSigns/Square/textures/GSDFedSign-Com-NoTrucksInLeftLane_Diffuse.png
  artifactKey: Guid(8338be714ca3004499cee71114d04b3d) Importer(815301076,1909f56bfc062723c751e8b465ee728b)
Start importing Assets/Editor/RoadArchitect/RoadArchitect-master/Materials/FedSigns/Square/textures/GSDFedSign-Com-NoTrucksInLeftLane_Diffuse.png using Guid(8338be714ca3004499cee71114d04b3d) Importer(815301076,1909f56bfc062723c751e8b465ee728b)  -> (artifact id: 'b0bbb10ebcb6295155976d926b30c8e4') in 0.034170 seconds
Number of updated asset objects reloaded before import = 0
Number of asset objects unloaded after import = 2
========================================================================
Received Import Request.
  Time since last request: 0.115658 seconds.
  path: Assets/Editor/RoadArchitect/RoadArchitect-master/Materials/Markers/Textures/GSDInterStretch-None-4L.png
  artifactKey: Guid(512c4c9066d58c641bdd1ed3825d23e8) Importer(815301076,1909f56bfc062723c751e8b465ee728b)
Start importing Assets/Editor/RoadArchitect/RoadArchitect-master/Materials/Markers/Textures/GSDInterStretch-None-4L.png using Guid(512c4c9066d58c641bdd1ed3825d23e8) Importer(815301076,1909f56bfc062723c751e8b465ee728b)  -> (artifact id: 'eb8b4e22da44d64aacd2e02e7feacb1a') in 0.014249 seconds
Number of updated asset objects reloaded before import = 0
Number of asset objects unloaded after import = 2
========================================================================
Received Import Request.
  Time since last request: 0.000026 seconds.
  path: Assets/Editor/RoadArchitect/RoadArchitect-master/Materials/FedSigns/861/textures/GSDSign-861-TurnOnly_Diffuse.png
  artifactKey: Guid(d15be337008ab37448c2daf80fa5314d) Importer(815301076,1909f56bfc062723c751e8b465ee728b)
Start importing Assets/Editor/RoadArchitect/RoadArchitect-master/Materials/FedSigns/861/textures/GSDSign-861-TurnOnly_Diffuse.png using Guid(d15be337008ab37448c2daf80fa5314d) Importer(815301076,1909f56bfc062723c751e8b465ee728b)  -> (artifact id: '3f89e09ee9df93b8522834913cc76c9e') in 0.025553 seconds
Number of updated asset objects reloaded before import = 0
Number of asset objects unloaded after import = 2
========================================================================
Received Import Request.
  Time since last request: 0.000043 seconds.
  path: Assets/Editor/RoadArchitect/RoadArchitect-master/Materials/Signs/Textures/GSDSignRightTurnOnly_Diffuse.png
  artifactKey: Guid(a9744961ed0775c47a8832e6d287813f) Importer(815301076,1909f56bfc062723c751e8b465ee728b)
Start importing Assets/Editor/RoadArchitect/RoadArchitect-master/Materials/Signs/Textures/GSDSignRightTurnOnly_Diffuse.png using Guid(a9744961ed0775c47a8832e6d287813f) Importer(815301076,1909f56bfc062723c751e8b465ee728b)  -> (artifact id: 'dfee7eb4615af1f8498b06f98a9ded94') in 0.052422 seconds
Number of updated asset objects reloaded before import = 0
Number of asset objects unloaded after import = 2
========================================================================
Received Import Request.
  Time since last request: 1.268045 seconds.
  path: Assets/Editor/RoadArchitect/RoadArchitect-master/Materials/Markers/Textures/GSDInterCenter-None-4L-3.png
  artifactKey: Guid(3ee36cb26e6822a4f93998c36d9dd0b9) Importer(815301076,1909f56bfc062723c751e8b465ee728b)
Start importing Assets/Editor/RoadArchitect/RoadArchitect-master/Materials/Markers/Textures/GSDInterCenter-None-4L-3.png using Guid(3ee36cb26e6822a4f93998c36d9dd0b9) Importer(815301076,1909f56bfc062723c751e8b465ee728b)  -> (artifact id: '6d23a50876ec884fb01c8c201e2bdbd0') in 0.016256 seconds
Number of updated asset objects reloaded before import = 0
Number of asset objects unloaded after import = 2
========================================================================
Received Import Request.
  Time since last request: 0.000028 seconds.
  path: Assets/Editor/RoadArchitect/RoadArchitect-master/Materials/Markers/Textures/GSDInterCenter-None-6L-3.png
  artifactKey: Guid(93f409ccad9cdfb47973e1030f16c55c) Importer(815301076,1909f56bfc062723c751e8b465ee728b)
Start importing Assets/Editor/RoadArchitect/RoadArchitect-master/Materials/Markers/Textures/GSDInterCenter-None-6L-3.png using Guid(93f409ccad9cdfb47973e1030f16c55c) Importer(815301076,1909f56bfc062723c751e8b465ee728b)  -> (artifact id: '0faddc5ce65ae8706b876748f739cb38') in 0.030442 seconds
Number of updated asset objects reloaded before import = 0
Number of asset objects unloaded after import = 2
========================================================================
Received Import Request.
  Time since last request: 0.360961 seconds.
  path: Assets/Editor/RoadArchitect/RoadArchitect-master/Materials/Markers/Textures/GSDInterCenter-None-2L-3.png
  artifactKey: Guid(989b516581743bc4484ab2e4042036de) Importer(815301076,1909f56bfc062723c751e8b465ee728b)
Start importing Assets/Editor/RoadArchitect/RoadArchitect-master/Materials/Markers/Textures/GSDInterCenter-None-2L-3.png using Guid(989b516581743bc4484ab2e4042036de) Importer(815301076,1909f56bfc062723c751e8b465ee728b)  -> (artifact id: '51cb12ad53a0dc4900e5d6ddd856f0c5') in 0.038834 seconds
Number of updated asset objects reloaded before import = 0
Number of asset objects unloaded after import = 2
========================================================================
Received Import Request.
  Time since last request: 121.033002 seconds.
  path: Assets/Materials/destroyed-debris.jpeg
  artifactKey: Guid(b61b9c52992f3354da7e27e9af76da4b) Importer(815301076,1909f56bfc062723c751e8b465ee728b)
Start importing Assets/Materials/destroyed-debris.jpeg using Guid(b61b9c52992f3354da7e27e9af76da4b) Importer(815301076,1909f56bfc062723c751e8b465ee728b)  -> (artifact id: '58d397ecf10dbb30e842f23be71bd127') in 0.032039 seconds
Number of updated asset objects reloaded before import = 0
Number of asset objects unloaded after import = 2
========================================================================
Received Import Request.
  Time since last request: 24.657387 seconds.
  path: Assets/Materials/destroyed-debris1.jpeg
  artifactKey: Guid(6cf279a1f93c90946a7a2f523bb6ad4a) Importer(815301076,1909f56bfc062723c751e8b465ee728b)
Start importing Assets/Materials/destroyed-debris1.jpeg using Guid(6cf279a1f93c90946a7a2f523bb6ad4a) Importer(815301076,1909f56bfc062723c751e8b465ee728b)  -> (artifact id: 'adfe1f14e2bfb59f952a52348f67c4f3') in 0.046276 seconds
Number of updated asset objects reloaded before import = 0
Number of asset objects unloaded after import = 2
========================================================================
Received Import Request.
  Time since last request: 84.585370 seconds.
  path: Assets/Editor/RoadArchitect/RoadArchitect-master/Materials/Textures/GSDConcrete8_Normal.png
  artifactKey: Guid(9c660d7b09b8bc34aa482dfc7a14f096) Importer(815301076,1909f56bfc062723c751e8b465ee728b)
Start importing Assets/Editor/RoadArchitect/RoadArchitect-master/Materials/Textures/GSDConcrete8_Normal.png using Guid(9c660d7b09b8bc34aa482dfc7a14f096) Importer(815301076,1909f56bfc062723c751e8b465ee728b)  -> (artifact id: '54dedb60877ca38de0830f049cdb2314') in 0.033147 seconds
Number of updated asset objects reloaded before import = 0
Number of asset objects unloaded after import = 2
========================================================================
Received Import Request.
  Time since last request: 0.000045 seconds.
  path: Assets/Editor/RoadArchitect/RoadArchitect-master/Materials/Textures/GSDConcrete10_Normal.png
  artifactKey: Guid(0057a057ce86aeb46acc89bd21e7009e) Importer(815301076,1909f56bfc062723c751e8b465ee728b)
Start importing Assets/Editor/RoadArchitect/RoadArchitect-master/Materials/Textures/GSDConcrete10_Normal.png using Guid(0057a057ce86aeb46acc89bd21e7009e) Importer(815301076,1909f56bfc062723c751e8b465ee728b)  -> (artifact id: 'fc9d5c2abfe9af966f898d5b97480486') in 0.044251 seconds
Number of updated asset objects reloaded before import = 0
Number of asset objects unloaded after import = 2
========================================================================
Received Import Request.
  Time since last request: 1.524096 seconds.
  path: Assets/Editor/RoadArchitect/RoadArchitect-master/Materials/FedSigns/617/textures/GSDFedSign-617-NoNonMotorTraffic_Diffuse.png
  artifactKey: Guid(c982eae4b8eecd34385a206568489b35) Importer(815301076,1909f56bfc062723c751e8b465ee728b)
Start importing Assets/Editor/RoadArchitect/RoadArchitect-master/Materials/FedSigns/617/textures/GSDFedSign-617-NoNonMotorTraffic_Diffuse.png using Guid(c982eae4b8eecd34385a206568489b35) Importer(815301076,1909f56bfc062723c751e8b465ee728b)  -> (artifact id: '4f432325cdea06d319d02d4107bcd8f6') in 0.024433 seconds
Number of updated asset objects reloaded before import = 0
Number of asset objects unloaded after import = 2
========================================================================
Received Import Request.
  Time since last request: 389.708077 seconds.
  path: Assets/Models/untitled.fbx
  artifactKey: Guid(fa88800473dad4a48ab68f444f682db2) Importer(815301076,1909f56bfc062723c751e8b465ee728b)
Start importing Assets/Models/untitled.fbx using Guid(fa88800473dad4a48ab68f444f682db2) Importer(815301076,1909f56bfc062723c751e8b465ee728b)  -> (artifact id: '6d0347a066a31bb55e636507c75514a4') in 0.134825 seconds
Number of updated asset objects reloaded before import = 0
Number of asset objects unloaded after import = 8
========================================================================
Received Import Request.
  Time since last request: 175.434572 seconds.
  path: Assets/Models/untitled.fbx
  artifactKey: Guid(969bbe3a07d9d17439692ca79f9ed1e8) Importer(815301076,1909f56bfc062723c751e8b465ee728b)
Start importing Assets/Models/untitled.fbx using Guid(969bbe3a07d9d17439692ca79f9ed1e8) Importer(815301076,1909f56bfc062723c751e8b465ee728b)  -> (artifact id: '5cb5d026fa1673008b95785bcc073d9d') in 0.085772 seconds
Number of updated asset objects reloaded before import = 0
Number of asset objects unloaded after import = 9
========================================================================
Received Import Request.
  Time since last request: 391.544538 seconds.
  path: Assets/Models/untitled.fbx
  artifactKey: Guid(969bbe3a07d9d17439692ca79f9ed1e8) Importer(815301076,1909f56bfc062723c751e8b465ee728b)
Start importing Assets/Models/untitled.fbx using Guid(969bbe3a07d9d17439692ca79f9ed1e8) Importer(815301076,1909f56bfc062723c751e8b465ee728b)  -> (artifact id: 'a84f1ec06e3e54f7987ec0f9bceee100') in 0.217605 seconds
Number of updated asset objects reloaded before import = 0
Number of asset objects unloaded after import = 9
========================================================================
Received Import Request.
  Time since last request: 170.823824 seconds.
  path: Assets/Models/untitled.fbx
  artifactKey: Guid(969bbe3a07d9d17439692ca79f9ed1e8) Importer(815301076,1909f56bfc062723c751e8b465ee728b)
Start importing Assets/Models/untitled.fbx using Guid(969bbe3a07d9d17439692ca79f9ed1e8) Importer(815301076,1909f56bfc062723c751e8b465ee728b)  -> (artifact id: 'b8521061fafd92317f3127be56f5f9d5') in 0.119183 seconds
Number of updated asset objects reloaded before import = 0
Number of asset objects unloaded after import = 9
========================================================================
Received Import Request.
  Time since last request: 66.126997 seconds.
  path: Assets/Models/untitled.fbx
  artifactKey: Guid(969bbe3a07d9d17439692ca79f9ed1e8) Importer(815301076,1909f56bfc062723c751e8b465ee728b)
Start importing Assets/Models/untitled.fbx using Guid(969bbe3a07d9d17439692ca79f9ed1e8) Importer(815301076,1909f56bfc062723c751e8b465ee728b)  -> (artifact id: 'c3e19ff8a7d09786834a11f41c59c024') in 0.055626 seconds
Number of updated asset objects reloaded before import = 0
Number of asset objects unloaded after import = 9
========================================================================
Received Import Request.
  Time since last request: 0.108845 seconds.
  path: Assets/Models/untitled.fbx
  artifactKey: Guid(969bbe3a07d9d17439692ca79f9ed1e8) Importer(815301076,1909f56bfc062723c751e8b465ee728b)
Start importing Assets/Models/untitled.fbx using Guid(969bbe3a07d9d17439692ca79f9ed1e8) Importer(815301076,1909f56bfc062723c751e8b465ee728b)  -> (artifact id: '5ae47948abc8a8e1287714ddf2714d0e') in 0.158722 seconds
Number of updated asset objects reloaded before import = 0
Number of asset objects unloaded after import = 9
========================================================================
Received Import Request.
  Time since last request: 4.186353 seconds.
  path: Assets/Materials/brick-heap-x_u1_v1.002.mat
  artifactKey: Guid(b8801039e276fa04c9d49927806ee954) Importer(815301076,1909f56bfc062723c751e8b465ee728b)
Start importing Assets/Materials/brick-heap-x_u1_v1.002.mat using Guid(b8801039e276fa04c9d49927806ee954) Importer(815301076,1909f56bfc062723c751e8b465ee728b)  -> (artifact id: 'bd4dad34cbf15653f4a23846d191befc') in 0.031322 seconds
Number of updated asset objects reloaded before import = 0
Number of asset objects unloaded after import = 2
========================================================================
Received Import Request.
  Time since last request: 76.574756 seconds.
  path: Assets/Textures/bricks-heap.jpeg
  artifactKey: Guid(5f66b7b70753ba9478d8eda6c842d60d) Importer(815301076,1909f56bfc062723c751e8b465ee728b)
Start importing Assets/Textures/bricks-heap.jpeg using Guid(5f66b7b70753ba9478d8eda6c842d60d) Importer(815301076,1909f56bfc062723c751e8b465ee728b)  -> (artifact id: '002cb05f7c124900976d376855c991db') in 0.035155 seconds
Number of updated asset objects reloaded before import = 0
Number of asset objects unloaded after import = 2
========================================================================
Received Import Request.
  Time since last request: 0.000028 seconds.
  path: Assets/Textures/bricks-heap2.jpeg
  artifactKey: Guid(b0071a3155724404594d502720c04145) Importer(815301076,1909f56bfc062723c751e8b465ee728b)
Start importing Assets/Textures/bricks-heap2.jpeg using Guid(b0071a3155724404594d502720c04145) Importer(815301076,1909f56bfc062723c751e8b465ee728b)  -> (artifact id: '236c664137a20e390a3252064d7849d4') in 0.027543 seconds
Number of updated asset objects reloaded before import = 0
Number of asset objects unloaded after import = 2
========================================================================
Received Import Request.
  Time since last request: 59.383996 seconds.
  path: Assets/Materials/brick-heap-x_u1_v1.002.mat
  artifactKey: Guid(b8801039e276fa04c9d49927806ee954) Importer(815301076,1909f56bfc062723c751e8b465ee728b)
Start importing Assets/Materials/brick-heap-x_u1_v1.002.mat using Guid(b8801039e276fa04c9d49927806ee954) Importer(815301076,1909f56bfc062723c751e8b465ee728b)  -> (artifact id: '17de04c70341791f93504f321e627e54') in 1.884962 seconds
Number of updated asset objects reloaded before import = 0
Number of asset objects unloaded after import = 4
