Using pre-set license
Built from '2022.3/staging' branch; Version is '2022.3.24f1 (334eb2a0b267) revision 3362482'; Using compiler version '192829333'; Build Type 'Release'
OS: 'Windows 11  (10.0.22631) 64bit Professional' Language: 'en' Physical Memory: 24434 MB
BatchMode: 1, IsHumanControllingUs: 0, StartBugReporterOnCrash: 0, Is64bit: 1, IsPro: 1

COMMAND LINE ARGUMENTS:
C:\Program Files\Unity\Hub\Editor\2022.3.24f1\Editor\Unity.exe
-adb2
-batchMode
-noUpm
-name
AssetImportWorker1
-projectPath
C:/Users/Arjit Kumar/Desktop/The Watch/The Watch
-logFile
Logs/AssetImportWorker1.log
-srvPort
53661
Successfully changed project path to: C:/Users/Arjit Kumar/Desktop/The Watch/The Watch
C:/Users/Arjit Kumar/Desktop/The Watch/The Watch
[UnityMemory] Configuration Parameters - Can be set up in boot.config
    "memorysetup-bucket-allocator-granularity=16"
    "memorysetup-bucket-allocator-bucket-count=8"
    "memorysetup-bucket-allocator-block-size=33554432"
    "memorysetup-bucket-allocator-block-count=8"
    "memorysetup-main-allocator-block-size=16777216"
    "memorysetup-thread-allocator-block-size=16777216"
    "memorysetup-gfx-main-allocator-block-size=16777216"
    "memorysetup-gfx-thread-allocator-block-size=16777216"
    "memorysetup-cache-allocator-block-size=4194304"
    "memorysetup-typetree-allocator-block-size=2097152"
    "memorysetup-profiler-bucket-allocator-granularity=16"
    "memorysetup-profiler-bucket-allocator-bucket-count=8"
    "memorysetup-profiler-bucket-allocator-block-size=33554432"
    "memorysetup-profiler-bucket-allocator-block-count=8"
    "memorysetup-profiler-allocator-block-size=16777216"
    "memorysetup-profiler-editor-allocator-block-size=1048576"
    "memorysetup-temp-allocator-size-main=16777216"
    "memorysetup-job-temp-allocator-block-size=2097152"
    "memorysetup-job-temp-allocator-block-size-background=1048576"
    "memorysetup-job-temp-allocator-reduction-small-platforms=262144"
    "memorysetup-allocator-temp-initial-block-size-main=262144"
    "memorysetup-allocator-temp-initial-block-size-worker=262144"
    "memorysetup-temp-allocator-size-background-worker=32768"
    "memorysetup-temp-allocator-size-job-worker=262144"
    "memorysetup-temp-allocator-size-preload-manager=33554432"
    "memorysetup-temp-allocator-size-nav-mesh-worker=65536"
    "memorysetup-temp-allocator-size-audio-worker=65536"
    "memorysetup-temp-allocator-size-cloud-worker=32768"
    "memorysetup-temp-allocator-size-gi-baking-worker=262144"
    "memorysetup-temp-allocator-size-gfx=262144"
Player connection [340] Host "[IP] 192.168.29.240 [Port] 0 [Flags] 2 [Guid] 1798480679 [EditorId] 1798480679 [Version] 1048832 [Id] WindowsEditor(7,DESKTOP-I8I8OKE) [Debug] 1 [PackageName] WindowsEditor [ProjectName] Editor" joined multi-casting on [225.0.0.222:54997]...

Player connection [340] Host "[IP] 192.168.29.240 [Port] 0 [Flags] 2 [Guid] 1798480679 [EditorId] 1798480679 [Version] 1048832 [Id] WindowsEditor(7,DESKTOP-I8I8OKE) [Debug] 1 [PackageName] WindowsEditor [ProjectName] Editor" joined alternative multi-casting on [225.0.0.222:34997]...

[Physics::Module] Initialized MultithreadedJobDispatcher with 7 workers.
Refreshing native plugins compatible for Editor in 1912.13 ms, found 3 plugins.
Preloading 0 native plugins for Editor in 0.00 ms.
Initialize engine version: 2022.3.24f1 (334eb2a0b267)
[Subsystems] Discovering subsystems at path C:/Program Files/Unity/Hub/Editor/2022.3.24f1/Editor/Data/Resources/UnitySubsystems
[Subsystems] Discovering subsystems at path C:/Users/Arjit Kumar/Desktop/The Watch/The Watch/Assets
GfxDevice: creating device client; threaded=0; jobified=0
Direct3D:
    Version:  Direct3D 11.0 [level 11.1]
    Renderer: Intel(R) UHD Graphics 620 (ID=0x5917)
    Vendor:   Intel
    VRAM:     12217 MB
    Driver:   31.0.101.2115
Initialize mono
Mono path[0] = 'C:/Program Files/Unity/Hub/Editor/2022.3.24f1/Editor/Data/Managed'
Mono path[1] = 'C:/Program Files/Unity/Hub/Editor/2022.3.24f1/Editor/Data/MonoBleedingEdge/lib/mono/unityjit-win32'
Mono config path = 'C:/Program Files/Unity/Hub/Editor/2022.3.24f1/Editor/Data/MonoBleedingEdge/etc'
Using monoOptions --debugger-agent=transport=dt_socket,embedding=1,server=y,suspend=n,address=127.0.0.1:56284
Begin MonoManager ReloadAssembly
Registering precompiled unity dll's ...
Register platform support module: C:/Program Files/Unity/Hub/Editor/2022.3.24f1/Editor/Data/PlaybackEngines/WindowsStandaloneSupport/UnityEditor.WindowsStandalone.Extensions.dll
Registered in 0.336160 seconds.
- Loaded All Assemblies, in 12.584 seconds
Native extension for WindowsStandalone target not found
Mono: successfully reloaded assembly
- Finished resetting the current domain, in  0.674 seconds
Domain Reload Profiling: 13256ms
	BeginReloadAssembly (9978ms)
		ExecutionOrderSort (0ms)
		DisableScriptedObjects (0ms)
		BackupInstance (0ms)
		ReleaseScriptingObjects (0ms)
		CreateAndSetChildDomain (1ms)
	RebuildCommonClasses (692ms)
	RebuildNativeTypeToScriptingClass (24ms)
	initialDomainReloadingComplete (448ms)
	LoadAllAssembliesAndSetupDomain (1438ms)
		LoadAssemblies (9977ms)
		RebuildTransferFunctionScriptingTraits (0ms)
		AnalyzeDomain (1434ms)
			TypeCache.Refresh (1432ms)
				TypeCache.ScanAssembly (833ms)
			ScanForSourceGeneratedMonoScriptInfo (1ms)
			ResolveRequiredComponents (1ms)
	FinalizeReload (676ms)
		ReleaseScriptCaches (0ms)
		RebuildScriptCaches (0ms)
		SetupLoadedEditorAssemblies (539ms)
			LogAssemblyErrors (0ms)
			InitializePlatformSupportModulesInManaged (18ms)
			SetLoadedEditorAssemblies (19ms)
			RefreshPlugins (0ms)
			BeforeProcessingInitializeOnLoad (5ms)
			ProcessInitializeOnLoadAttributes (371ms)
			ProcessInitializeOnLoadMethodAttributes (127ms)
			AfterProcessingInitializeOnLoad (0ms)
			EditorAssembliesLoaded (0ms)
		ExecutionOrderSort2 (0ms)
		AwakeInstancesAfterBackupRestoration (0ms)
========================================================================
Worker process is ready to serve import requests
Begin MonoManager ReloadAssembly
- Loaded All Assemblies, in 17.373 seconds
Refreshing native plugins compatible for Editor in 6.19 ms, found 3 plugins.
Native extension for WindowsStandalone target not found
Package Manager log level set to [2]
[Package Manager] Server::EnsureServerProcessIsRunning -- launch failed, reason: Unity was launched with the -noUpm command-line argument
[Package Manager] UpmClient::Send -- Unable to send message (not connected to UPM process).
[Package Manager] Cannot connect to Unity Package Manager local server
Mono: successfully reloaded assembly
- Finished resetting the current domain, in  1.595 seconds
Domain Reload Profiling: 18964ms
	BeginReloadAssembly (362ms)
		ExecutionOrderSort (0ms)
		DisableScriptedObjects (15ms)
		BackupInstance (0ms)
		ReleaseScriptingObjects (0ms)
		CreateAndSetChildDomain (45ms)
	RebuildCommonClasses (84ms)
	RebuildNativeTypeToScriptingClass (25ms)
	initialDomainReloadingComplete (96ms)
	LoadAllAssembliesAndSetupDomain (16801ms)
		LoadAssemblies (15690ms)
		RebuildTransferFunctionScriptingTraits (0ms)
		AnalyzeDomain (1320ms)
			TypeCache.Refresh (1230ms)
				TypeCache.ScanAssembly (1098ms)
			ScanForSourceGeneratedMonoScriptInfo (65ms)
			ResolveRequiredComponents (24ms)
	FinalizeReload (1596ms)
		ReleaseScriptCaches (0ms)
		RebuildScriptCaches (0ms)
		SetupLoadedEditorAssemblies (1215ms)
			LogAssemblyErrors (0ms)
			InitializePlatformSupportModulesInManaged (11ms)
			SetLoadedEditorAssemblies (7ms)
			RefreshPlugins (0ms)
			BeforeProcessingInitializeOnLoad (169ms)
			ProcessInitializeOnLoadAttributes (856ms)
			ProcessInitializeOnLoadMethodAttributes (160ms)
			AfterProcessingInitializeOnLoad (11ms)
			EditorAssembliesLoaded (0ms)
		ExecutionOrderSort2 (0ms)
		AwakeInstancesAfterBackupRestoration (17ms)
Launched and connected shader compiler UnityShaderCompiler.exe after 0.15 seconds
Refreshing native plugins compatible for Editor in 5.61 ms, found 3 plugins.
Preloading 0 native plugins for Editor in 0.00 ms.
Unloading 5371 Unused Serialized files (Serialized files now loaded: 0)
Unloading 71 unused Assets / (0.6 MB). Loaded Objects now: 5831.
Memory consumption went from 223.9 MB to 223.3 MB.
Total: 10.642600 ms (FindLiveObjects: 0.747800 ms CreateObjectMapping: 1.038600 ms MarkObjects: 8.025400 ms  DeleteObjects: 0.829500 ms)

AssetImportParameters requested are different than current active one (requested -> active):
  custom:container-demuxer-ogg: 62fdf1f143b41e24485cea50d1cbac27 -> 
  custom:video-decoder-ogg-theora: a1e56fd34408186e4bbccfd4996cb3dc -> 
  custom:framework-win-MediaFoundation: 216162199b28c13a410421893ffa2e32 -> 
  custom:CustomObjectIndexerAttribute: 72b91833f83ae208fae7752999fa3104 -> 
  custom:container-demuxer-webm: 4f35f7cbe854078d1ac9338744f61a02 -> 
  custom:container-muxer-webm: aa71ff27fc2769a1b78a27578f13a17b -> 
  custom:video-decoder-webm-vp8: 9c59270c3fd7afecdb556c50c9e8de78 -> 
  custom:SearchIndexIgnoredProperties: e643bd26f0fe6173181afceb89e7c659 -> 
  custom:AudioImporter_EditorPlatform: d09bf68614088b80899f8185d706f6e7 -> 
  custom:video-encoder-webm-vp8: eb34c28f22e8b96e1ab97ce403110664 -> 
  custom:audio-decoder-ogg-vorbis: bf7c407c2cedff20999df2af8eb42d56 -> 
  custom:audio-encoder-webm-vorbis: bf7c407c2cedff20999df2af8eb42d56 -> 
========================================================================
Received Import Request.
  Time since last request: 27121.349531 seconds.
  path: Assets/Materials/destroyed-debris1.jpeg
  artifactKey: Guid(6cf279a1f93c90946a7a2f523bb6ad4a) Importer(815301076,1909f56bfc062723c751e8b465ee728b)
Start importing Assets/Materials/destroyed-debris1.jpeg using Guid(6cf279a1f93c90946a7a2f523bb6ad4a) Importer(815301076,1909f56bfc062723c751e8b465ee728b)  -> (artifact id: 'b15043955cfca7b6d0867b4d8aa99438') in 0.134087 seconds
Number of updated asset objects reloaded before import = 0
Number of asset objects unloaded after import = 2
========================================================================
Received Import Request.
  Time since last request: 0.000040 seconds.
  path: Assets/Models/untitled.fbx
  artifactKey: Guid(fa88800473dad4a48ab68f444f682db2) Importer(815301076,1909f56bfc062723c751e8b465ee728b)
Start importing Assets/Models/untitled.fbx using Guid(fa88800473dad4a48ab68f444f682db2) Importer(815301076,1909f56bfc062723c751e8b465ee728b)  -> (artifact id: 'd9a4e6c5bde79d81afad3c9d1fa9f668') in 0.751061 seconds
Number of updated asset objects reloaded before import = 0
Number of asset objects unloaded after import = 10
========================================================================
Received Import Request.
  Time since last request: 72.561804 seconds.
  path: Assets/Editor/RoadArchitect/RoadArchitect-master/ManualImages/edge.png
  artifactKey: Guid(9ab3ea064ccecee4797d66c01cc82753) Importer(815301076,1909f56bfc062723c751e8b465ee728b)
Start importing Assets/Editor/RoadArchitect/RoadArchitect-master/ManualImages/edge.png using Guid(9ab3ea064ccecee4797d66c01cc82753) Importer(815301076,1909f56bfc062723c751e8b465ee728b)  -> (artifact id: '3a4a904159ad992b650189e03aaaa36f') in 0.037304 seconds
Number of updated asset objects reloaded before import = 0
Number of asset objects unloaded after import = 2
========================================================================
Received Import Request.
  Time since last request: 0.000027 seconds.
  path: Assets/Editor/RoadArchitect/RoadArchitect-master/Editor/Icons/extrude.png
  artifactKey: Guid(7e7d909545ca7ff40a0405ec8ae9370d) Importer(815301076,1909f56bfc062723c751e8b465ee728b)
Start importing Assets/Editor/RoadArchitect/RoadArchitect-master/Editor/Icons/extrude.png using Guid(7e7d909545ca7ff40a0405ec8ae9370d) Importer(815301076,1909f56bfc062723c751e8b465ee728b)  -> (artifact id: '1102d51a65b06367a975923232575190') in 0.010330 seconds
Number of updated asset objects reloaded before import = 0
Number of asset objects unloaded after import = 2
========================================================================
Received Import Request.
  Time since last request: 1.127791 seconds.
  path: Assets/Editor/RoadArchitect/RoadArchitect-master/Editor/Library/Thumbs/GSDArch12m.png
  artifactKey: Guid(84c505f41fe77db4d861951ca9fdff1e) Importer(815301076,1909f56bfc062723c751e8b465ee728b)
Start importing Assets/Editor/RoadArchitect/RoadArchitect-master/Editor/Library/Thumbs/GSDArch12m.png using Guid(84c505f41fe77db4d861951ca9fdff1e) Importer(815301076,1909f56bfc062723c751e8b465ee728b)  -> (artifact id: '9d6a199bc27d5c1ce42a6abd9cd6a168') in 0.026964 seconds
Number of updated asset objects reloaded before import = 0
Number of asset objects unloaded after import = 2
========================================================================
Received Import Request.
  Time since last request: 0.000031 seconds.
  path: Assets/Editor/RoadArchitect/RoadArchitect-master/Editor/Library/Thumbs/GSDArch48m.png
  artifactKey: Guid(839d89ff5e5fa124d98cf488015a465c) Importer(815301076,1909f56bfc062723c751e8b465ee728b)
Start importing Assets/Editor/RoadArchitect/RoadArchitect-master/Editor/Library/Thumbs/GSDArch48m.png using Guid(839d89ff5e5fa124d98cf488015a465c) Importer(815301076,1909f56bfc062723c751e8b465ee728b)  -> (artifact id: '02cd11ab15164e0b9d3b5eb3a5c8fcb0') in 0.026271 seconds
Number of updated asset objects reloaded before import = 0
Number of asset objects unloaded after import = 2
========================================================================
Received Import Request.
  Time since last request: 0.011633 seconds.
  path: Assets/Editor/RoadArchitect/RoadArchitect-master/Materials/Signs/Textures/GSDAtten_Diffuse.png
  artifactKey: Guid(5574493edc7c64c458e550a097c35085) Importer(815301076,1909f56bfc062723c751e8b465ee728b)
Start importing Assets/Editor/RoadArchitect/RoadArchitect-master/Materials/Signs/Textures/GSDAtten_Diffuse.png using Guid(5574493edc7c64c458e550a097c35085) Importer(815301076,1909f56bfc062723c751e8b465ee728b)  -> (artifact id: '368f9481cb4048ec80592f0b0dbb91dc') in 0.023725 seconds
Number of updated asset objects reloaded before import = 0
Number of asset objects unloaded after import = 2
========================================================================
Received Import Request.
  Time since last request: 0.000077 seconds.
  path: Assets/Editor/RoadArchitect/RoadArchitect-master/Materials/Textures/GSDBrickRoad_Diffuse.png
  artifactKey: Guid(731bd619e50e2664a8c51a1c81c80b81) Importer(815301076,1909f56bfc062723c751e8b465ee728b)
Start importing Assets/Editor/RoadArchitect/RoadArchitect-master/Materials/Textures/GSDBrickRoad_Diffuse.png using Guid(731bd619e50e2664a8c51a1c81c80b81) Importer(815301076,1909f56bfc062723c751e8b465ee728b)  -> (artifact id: '5e4e5ba1896232e38fb19338efbbaa56') in 0.024204 seconds
Number of updated asset objects reloaded before import = 0
Number of asset objects unloaded after import = 2
========================================================================
Received Import Request.
  Time since last request: 0.149031 seconds.
  path: Assets/Editor/RoadArchitect/RoadArchitect-master/Editor/Library/Thumbs/GSDCableBarrier.png
  artifactKey: Guid(1c5291485e5cf344b8f6b59dce33fb00) Importer(815301076,1909f56bfc062723c751e8b465ee728b)
Start importing Assets/Editor/RoadArchitect/RoadArchitect-master/Editor/Library/Thumbs/GSDCableBarrier.png using Guid(1c5291485e5cf344b8f6b59dce33fb00) Importer(815301076,1909f56bfc062723c751e8b465ee728b)  -> (artifact id: '283eb40819ce55eed91b19f8d4321341') in 0.016893 seconds
Number of updated asset objects reloaded before import = 0
Number of asset objects unloaded after import = 2
========================================================================
Received Import Request.
  Time since last request: 0.038311 seconds.
  path: Assets/Editor/RoadArchitect/RoadArchitect-master/Materials/Textures/GSDCableBarrier_Diffuse.png
  artifactKey: Guid(5b675ba29e5e3c6438add34fe94a2071) Importer(815301076,1909f56bfc062723c751e8b465ee728b)
Start importing Assets/Editor/RoadArchitect/RoadArchitect-master/Materials/Textures/GSDCableBarrier_Diffuse.png using Guid(5b675ba29e5e3c6438add34fe94a2071) Importer(815301076,1909f56bfc062723c751e8b465ee728b)  -> (artifact id: '69c29cc3b739cfdf3d608808645e0d6f') in 0.033418 seconds
Number of updated asset objects reloaded before import = 0
Number of asset objects unloaded after import = 2
========================================================================
Received Import Request.
  Time since last request: 0.006484 seconds.
  path: Assets/Editor/RoadArchitect/RoadArchitect-master/Editor/Library/Thumbs/GSDCauseway1.png
  artifactKey: Guid(91acfb34d04ca584b8a7bc42b6fccc1a) Importer(815301076,1909f56bfc062723c751e8b465ee728b)
Start importing Assets/Editor/RoadArchitect/RoadArchitect-master/Editor/Library/Thumbs/GSDCauseway1.png using Guid(91acfb34d04ca584b8a7bc42b6fccc1a) Importer(815301076,1909f56bfc062723c751e8b465ee728b)  -> (artifact id: '9b3cb41b3c3ffcd4bf6ce58f9ba2450c') in 0.026426 seconds
Number of updated asset objects reloaded before import = 0
Number of asset objects unloaded after import = 2
========================================================================
Received Import Request.
  Time since last request: 0.000024 seconds.
  path: Assets/Editor/RoadArchitect/RoadArchitect-master/Editor/Library/Thumbs/GSDCauseway2.png
  artifactKey: Guid(288e3b5c577a59048807ce1a0e39d6e7) Importer(815301076,1909f56bfc062723c751e8b465ee728b)
Start importing Assets/Editor/RoadArchitect/RoadArchitect-master/Editor/Library/Thumbs/GSDCauseway2.png using Guid(288e3b5c577a59048807ce1a0e39d6e7) Importer(815301076,1909f56bfc062723c751e8b465ee728b)  -> (artifact id: 'e6be81a7b7caebb2bc006c8e39efc453') in 0.023995 seconds
Number of updated asset objects reloaded before import = 0
Number of asset objects unloaded after import = 2
========================================================================
Received Import Request.
  Time since last request: 0.077123 seconds.
  path: Assets/Editor/RoadArchitect/RoadArchitect-master/Materials/Textures/GSDCobblestoneRoad_Diffuse.png
  artifactKey: Guid(7bc8533c591d19c449434823291665e7) Importer(815301076,1909f56bfc062723c751e8b465ee728b)
Start importing Assets/Editor/RoadArchitect/RoadArchitect-master/Materials/Textures/GSDCobblestoneRoad_Diffuse.png using Guid(7bc8533c591d19c449434823291665e7) Importer(815301076,1909f56bfc062723c751e8b465ee728b)  -> (artifact id: 'b185b4c5b189f08db980352ec726ab3e') in 0.024327 seconds
Number of updated asset objects reloaded before import = 0
Number of asset objects unloaded after import = 2
========================================================================
Received Import Request.
  Time since last request: 0.000033 seconds.
  path: Assets/Editor/RoadArchitect/RoadArchitect-master/Materials/Textures/GSDCobblestoneRoad_Normal.png
  artifactKey: Guid(0987da75586fbce49935373875402ade) Importer(815301076,1909f56bfc062723c751e8b465ee728b)
Start importing Assets/Editor/RoadArchitect/RoadArchitect-master/Materials/Textures/GSDCobblestoneRoad_Normal.png using Guid(0987da75586fbce49935373875402ade) Importer(815301076,1909f56bfc062723c751e8b465ee728b)  -> (artifact id: '8f0b2420b895b50f350a21f29c01a333') in 0.093443 seconds
Number of updated asset objects reloaded before import = 0
Number of asset objects unloaded after import = 2
========================================================================
Received Import Request.
  Time since last request: 0.000044 seconds.
  path: Assets/Editor/RoadArchitect/RoadArchitect-master/Materials/Textures/GSDConcrete2_Normal.png
  artifactKey: Guid(2ce9a38c8d2065c4bad191fcfab344e8) Importer(815301076,1909f56bfc062723c751e8b465ee728b)
Start importing Assets/Editor/RoadArchitect/RoadArchitect-master/Materials/Textures/GSDConcrete2_Normal.png using Guid(2ce9a38c8d2065c4bad191fcfab344e8) Importer(815301076,1909f56bfc062723c751e8b465ee728b)  -> (artifact id: 'f2431e2d85b191f58c61beb3b48ce362') in 0.049856 seconds
Number of updated asset objects reloaded before import = 0
Number of asset objects unloaded after import = 2
========================================================================
Received Import Request.
  Time since last request: 0.094529 seconds.
  path: Assets/Editor/RoadArchitect/RoadArchitect-master/Materials/Textures/GSDConcrete4_Diffuse.png
  artifactKey: Guid(71c1b6c253b5bdf4fae4d4346dde9a9c) Importer(815301076,1909f56bfc062723c751e8b465ee728b)
Start importing Assets/Editor/RoadArchitect/RoadArchitect-master/Materials/Textures/GSDConcrete4_Diffuse.png using Guid(71c1b6c253b5bdf4fae4d4346dde9a9c) Importer(815301076,1909f56bfc062723c751e8b465ee728b)  -> (artifact id: '53f3ce2521f8754d5c844c3f59fc60fa') in 0.023277 seconds
Number of updated asset objects reloaded before import = 0
Number of asset objects unloaded after import = 2
========================================================================
Received Import Request.
  Time since last request: 0.000026 seconds.
  path: Assets/Editor/RoadArchitect/RoadArchitect-master/Materials/Textures/GSDConcrete5_Diffuse.png
  artifactKey: Guid(035e861c11598b44d821c1454075f85f) Importer(815301076,1909f56bfc062723c751e8b465ee728b)
Start importing Assets/Editor/RoadArchitect/RoadArchitect-master/Materials/Textures/GSDConcrete5_Diffuse.png using Guid(035e861c11598b44d821c1454075f85f) Importer(815301076,1909f56bfc062723c751e8b465ee728b)  -> (artifact id: 'be6ed7320ebbfeadc3443195832c087d') in 0.027394 seconds
Number of updated asset objects reloaded before import = 0
Number of asset objects unloaded after import = 2
========================================================================
Received Import Request.
  Time since last request: 0.007894 seconds.
  path: Assets/Editor/RoadArchitect/RoadArchitect-master/Materials/Textures/GSDConcrete6_Diffuse.png
  artifactKey: Guid(8a1997d879eb2824cbea3c64868e25ee) Importer(815301076,1909f56bfc062723c751e8b465ee728b)
Start importing Assets/Editor/RoadArchitect/RoadArchitect-master/Materials/Textures/GSDConcrete6_Diffuse.png using Guid(8a1997d879eb2824cbea3c64868e25ee) Importer(815301076,1909f56bfc062723c751e8b465ee728b)  -> (artifact id: '5cc75d61728df66dac4604507b032319') in 0.019344 seconds
Number of updated asset objects reloaded before import = 0
Number of asset objects unloaded after import = 2
========================================================================
Received Import Request.
  Time since last request: 0.000062 seconds.
  path: Assets/Editor/RoadArchitect/RoadArchitect-master/Materials/Textures/GSDConcrete6_Normal.png
  artifactKey: Guid(dfd2e27a0f7b80649afc79a1c96f4590) Importer(815301076,1909f56bfc062723c751e8b465ee728b)
Start importing Assets/Editor/RoadArchitect/RoadArchitect-master/Materials/Textures/GSDConcrete6_Normal.png using Guid(dfd2e27a0f7b80649afc79a1c96f4590) Importer(815301076,1909f56bfc062723c751e8b465ee728b)  -> (artifact id: 'fe37d3abf9f26e483dbf770bb90c88c4') in 0.049271 seconds
Number of updated asset objects reloaded before import = 0
Number of asset objects unloaded after import = 2
========================================================================
Received Import Request.
  Time since last request: 0.000083 seconds.
  path: Assets/Editor/RoadArchitect/RoadArchitect-master/Materials/Textures/GSDConcrete8_Diffuse.png
  artifactKey: Guid(b23a410be6d6436479ecae63a2bc5d24) Importer(815301076,1909f56bfc062723c751e8b465ee728b)
Start importing Assets/Editor/RoadArchitect/RoadArchitect-master/Materials/Textures/GSDConcrete8_Diffuse.png using Guid(b23a410be6d6436479ecae63a2bc5d24) Importer(815301076,1909f56bfc062723c751e8b465ee728b)  -> (artifact id: '4f3b5f3ed4d063cad43a152fd27734b6') in 0.030359 seconds
Number of updated asset objects reloaded before import = 0
Number of asset objects unloaded after import = 2
========================================================================
Received Import Request.
  Time since last request: 1.039478 seconds.
  path: Assets/Editor/RoadArchitect/RoadArchitect-master/Materials/FedSigns/330/textures/GSDFedSign-330-MinSpeed60kmh_Diffuse.png
  artifactKey: Guid(2ca667599322bdc41afee368b1c763af) Importer(815301076,1909f56bfc062723c751e8b465ee728b)
Start importing Assets/Editor/RoadArchitect/RoadArchitect-master/Materials/FedSigns/330/textures/GSDFedSign-330-MinSpeed60kmh_Diffuse.png using Guid(2ca667599322bdc41afee368b1c763af) Importer(815301076,1909f56bfc062723c751e8b465ee728b)  -> (artifact id: '223aa4f3dc6ac8c5d3e5e8ee346558c3') in 0.014315 seconds
Number of updated asset objects reloaded before import = 0
Number of asset objects unloaded after import = 2
========================================================================
Received Import Request.
  Time since last request: 0.000024 seconds.
  path: Assets/Editor/RoadArchitect/RoadArchitect-master/Materials/FedSigns/330/textures/GSDFedSign-330-PhotoEnforcedStopLight_Diffuse.png
  artifactKey: Guid(3ed8576228d6ccd45bc2c4059232fd31) Importer(815301076,1909f56bfc062723c751e8b465ee728b)
Start importing Assets/Editor/RoadArchitect/RoadArchitect-master/Materials/FedSigns/330/textures/GSDFedSign-330-PhotoEnforcedStopLight_Diffuse.png using Guid(3ed8576228d6ccd45bc2c4059232fd31) Importer(815301076,1909f56bfc062723c751e8b465ee728b)  -> (artifact id: '2ae6cfb12e073bbc4e050d5d9be1690e') in 0.015221 seconds
Number of updated asset objects reloaded before import = 0
Number of asset objects unloaded after import = 2
========================================================================
Received Import Request.
  Time since last request: 0.000059 seconds.
  path: Assets/Editor/RoadArchitect/RoadArchitect-master/Materials/FedSigns/330/textures/GSDFedSign-330-RequestGreenOnBike_Diffuse.png
  artifactKey: Guid(bfbf9f20fcbe9ff4085a16dcad743df7) Importer(815301076,1909f56bfc062723c751e8b465ee728b)
Start importing Assets/Editor/RoadArchitect/RoadArchitect-master/Materials/FedSigns/330/textures/GSDFedSign-330-RequestGreenOnBike_Diffuse.png using Guid(bfbf9f20fcbe9ff4085a16dcad743df7) Importer(815301076,1909f56bfc062723c751e8b465ee728b)  -> (artifact id: 'bc0201c9934de44f961f00d31a917757') in 0.026318 seconds
Number of updated asset objects reloaded before import = 0
Number of asset objects unloaded after import = 2
========================================================================
Received Import Request.
  Time since last request: 0.000028 seconds.
  path: Assets/Editor/RoadArchitect/RoadArchitect-master/Materials/FedSigns/330/textures/GSDFedSign-330-NoParkingAnytimeBoth_Diffuse.png
  artifactKey: Guid(b0167d77c69f68e45b109805f56ac478) Importer(815301076,1909f56bfc062723c751e8b465ee728b)
Start importing Assets/Editor/RoadArchitect/RoadArchitect-master/Materials/FedSigns/330/textures/GSDFedSign-330-NoParkingAnytimeBoth_Diffuse.png using Guid(b0167d77c69f68e45b109805f56ac478) Importer(815301076,1909f56bfc062723c751e8b465ee728b)  -> (artifact id: '7d2cbca1d74f751e5b927d71bb9e82ae') in 0.029991 seconds
Number of updated asset objects reloaded before import = 0
Number of asset objects unloaded after import = 2
========================================================================
Received Import Request.
  Time since last request: 0.326232 seconds.
  path: Assets/Editor/RoadArchitect/RoadArchitect-master/Materials/FedSigns/Square/textures/GSDFedSign-Com-NoStraight_Diffuse.png
  artifactKey: Guid(1b6ff287be108c344924718738410303) Importer(815301076,1909f56bfc062723c751e8b465ee728b)
Start importing Assets/Editor/RoadArchitect/RoadArchitect-master/Materials/FedSigns/Square/textures/GSDFedSign-Com-NoStraight_Diffuse.png using Guid(1b6ff287be108c344924718738410303) Importer(815301076,1909f56bfc062723c751e8b465ee728b)  -> (artifact id: '80d618c1e0ae553f4f945377c848d3d5') in 0.015111 seconds
Number of updated asset objects reloaded before import = 0
Number of asset objects unloaded after import = 2
========================================================================
Received Import Request.
  Time since last request: 0.000023 seconds.
  path: Assets/Editor/RoadArchitect/RoadArchitect-master/Materials/FedSigns/Square/textures/GSDFedSign-Com-NoTrucks2_Diffuse.png
  artifactKey: Guid(a40b14c7542dbbd4c82a4afc74542da6) Importer(815301076,1909f56bfc062723c751e8b465ee728b)
Start importing Assets/Editor/RoadArchitect/RoadArchitect-master/Materials/FedSigns/Square/textures/GSDFedSign-Com-NoTrucks2_Diffuse.png using Guid(a40b14c7542dbbd4c82a4afc74542da6) Importer(815301076,1909f56bfc062723c751e8b465ee728b)  -> (artifact id: 'f797cdb35cf8928f0743983c297fd48a') in 0.015316 seconds
Number of updated asset objects reloaded before import = 0
Number of asset objects unloaded after import = 2
========================================================================
Received Import Request.
  Time since last request: 0.000022 seconds.
  path: Assets/Editor/RoadArchitect/RoadArchitect-master/Materials/FedSigns/Square/textures/GSDFedSign-Com-NoTurnRight_Diffuse.png
  artifactKey: Guid(c8167d4ef9609424f9264c63765b3954) Importer(815301076,1909f56bfc062723c751e8b465ee728b)
Start importing Assets/Editor/RoadArchitect/RoadArchitect-master/Materials/FedSigns/Square/textures/GSDFedSign-Com-NoTurnRight_Diffuse.png using Guid(c8167d4ef9609424f9264c63765b3954) Importer(815301076,1909f56bfc062723c751e8b465ee728b)  -> (artifact id: '2e4d5b324ee3e9b872a5142e08c18984') in 0.037688 seconds
Number of updated asset objects reloaded before import = 0
Number of asset objects unloaded after import = 2
========================================================================
Received Import Request.
  Time since last request: 0.000031 seconds.
  path: Assets/Editor/RoadArchitect/RoadArchitect-master/Materials/FedSigns/Square/textures/GSDFedSign-Com-NoUTurn_Diffuse.png
  artifactKey: Guid(fb2b7e31e95701345991bb18be8c8cb9) Importer(815301076,1909f56bfc062723c751e8b465ee728b)
Start importing Assets/Editor/RoadArchitect/RoadArchitect-master/Materials/FedSigns/Square/textures/GSDFedSign-Com-NoUTurn_Diffuse.png using Guid(fb2b7e31e95701345991bb18be8c8cb9) Importer(815301076,1909f56bfc062723c751e8b465ee728b)  -> (artifact id: 'cd4be2d4c41aae0dcf26e66d0384065c') in 0.032465 seconds
Number of updated asset objects reloaded before import = 0
Number of asset objects unloaded after import = 2
========================================================================
Received Import Request.
  Time since last request: 0.000060 seconds.
  path: Assets/Editor/RoadArchitect/RoadArchitect-master/Materials/FedSigns/Square/textures/GSDFedSign-Com-NoTurns_Diffuse.png
  artifactKey: Guid(67312e45da1174d4a95280e4d0d6e321) Importer(815301076,1909f56bfc062723c751e8b465ee728b)
Start importing Assets/Editor/RoadArchitect/RoadArchitect-master/Materials/FedSigns/Square/textures/GSDFedSign-Com-NoTurns_Diffuse.png using Guid(67312e45da1174d4a95280e4d0d6e321) Importer(815301076,1909f56bfc062723c751e8b465ee728b)  -> (artifact id: 'bffffc0566584449c33ff6deb30429a5') in 0.031939 seconds
Number of updated asset objects reloaded before import = 0
Number of asset objects unloaded after import = 2
========================================================================
Received Import Request.
  Time since last request: 0.071923 seconds.
  path: Assets/Editor/RoadArchitect/RoadArchitect-master/Materials/Markers/Textures/GSDInterStretch-None-6L.png
  artifactKey: Guid(53871c92e3436e34b85d5d3b8b5a225d) Importer(815301076,1909f56bfc062723c751e8b465ee728b)
Start importing Assets/Editor/RoadArchitect/RoadArchitect-master/Materials/Markers/Textures/GSDInterStretch-None-6L.png using Guid(53871c92e3436e34b85d5d3b8b5a225d) Importer(815301076,1909f56bfc062723c751e8b465ee728b)  -> (artifact id: 'd62021fd90dbef6ce55f4f95a8870638') in 0.015936 seconds
Number of updated asset objects reloaded before import = 0
Number of asset objects unloaded after import = 2
========================================================================
Received Import Request.
  Time since last request: 0.000022 seconds.
  path: Assets/Editor/RoadArchitect/RoadArchitect-master/Editor/Library/Thumbs/GSDSignRightTurnOnly.png
  artifactKey: Guid(48eb5f6690733f4459db6806aa42367b) Importer(815301076,1909f56bfc062723c751e8b465ee728b)
Start importing Assets/Editor/RoadArchitect/RoadArchitect-master/Editor/Library/Thumbs/GSDSignRightTurnOnly.png using Guid(48eb5f6690733f4459db6806aa42367b) Importer(815301076,1909f56bfc062723c751e8b465ee728b)  -> (artifact id: 'ef1d7f7c4b90baa9da7a613cb4db27e7') in 0.044320 seconds
Number of updated asset objects reloaded before import = 0
Number of asset objects unloaded after import = 2
========================================================================
Received Import Request.
  Time since last request: 0.000038 seconds.
  path: Assets/Editor/RoadArchitect/RoadArchitect-master/Materials/Signs/Textures/GSDSignRightTurnOnly_Normal.png
  artifactKey: Guid(381be82fb52471548859abe26f64d6e7) Importer(815301076,1909f56bfc062723c751e8b465ee728b)
Start importing Assets/Editor/RoadArchitect/RoadArchitect-master/Materials/Signs/Textures/GSDSignRightTurnOnly_Normal.png using Guid(381be82fb52471548859abe26f64d6e7) Importer(815301076,1909f56bfc062723c751e8b465ee728b)  -> (artifact id: 'ffacfc27706c07cceabced3c1115650b') in 0.029848 seconds
Number of updated asset objects reloaded before import = 0
Number of asset objects unloaded after import = 2
========================================================================
Received Import Request.
  Time since last request: 1.268033 seconds.
  path: Assets/Editor/RoadArchitect/RoadArchitect-master/Materials/Markers/Textures/GSDInterCenter-None-6L.png
  artifactKey: Guid(bfe1f3934c73b764eb4a05c19a0201b5) Importer(815301076,1909f56bfc062723c751e8b465ee728b)
Start importing Assets/Editor/RoadArchitect/RoadArchitect-master/Materials/Markers/Textures/GSDInterCenter-None-6L.png using Guid(bfe1f3934c73b764eb4a05c19a0201b5) Importer(815301076,1909f56bfc062723c751e8b465ee728b)  -> (artifact id: '18a290f41c93a9a5db17a43f8dc6d7f3') in 0.018667 seconds
Number of updated asset objects reloaded before import = 0
Number of asset objects unloaded after import = 2
========================================================================
Received Import Request.
  Time since last request: 0.000054 seconds.
  path: Assets/Editor/RoadArchitect/RoadArchitect-master/Materials/Markers/Textures/GSDInterStretch-None-2L.png
  artifactKey: Guid(c8c328bf577c01f4e9836cd11014e160) Importer(815301076,1909f56bfc062723c751e8b465ee728b)
Start importing Assets/Editor/RoadArchitect/RoadArchitect-master/Materials/Markers/Textures/GSDInterStretch-None-2L.png using Guid(c8c328bf577c01f4e9836cd11014e160) Importer(815301076,1909f56bfc062723c751e8b465ee728b)  -> (artifact id: '0dd46e844faa8df7d3a2645bad991bdd') in 0.027849 seconds
Number of updated asset objects reloaded before import = 0
Number of asset objects unloaded after import = 2
========================================================================
Received Import Request.
  Time since last request: 0.359259 seconds.
  path: Assets/Editor/RoadArchitect/RoadArchitect-master/Materials/Markers/Textures/GSDInterCenter-None-4L.png
  artifactKey: Guid(f8dd9bb1e7f9c9b45ad04433660e228c) Importer(815301076,1909f56bfc062723c751e8b465ee728b)
Start importing Assets/Editor/RoadArchitect/RoadArchitect-master/Materials/Markers/Textures/GSDInterCenter-None-4L.png using Guid(f8dd9bb1e7f9c9b45ad04433660e228c) Importer(815301076,1909f56bfc062723c751e8b465ee728b)  -> (artifact id: '3f99c6ec61c1a69b938aede913f407c6') in 0.024088 seconds
Number of updated asset objects reloaded before import = 0
Number of asset objects unloaded after import = 2
========================================================================
Received Import Request.
  Time since last request: 0.000041 seconds.
  path: Assets/Editor/RoadArchitect/RoadArchitect-master/Materials/Markers/Textures/GSDInterCenter-None-2L.png
  artifactKey: Guid(650cfb434396fd246a19fec69e6f4e14) Importer(815301076,1909f56bfc062723c751e8b465ee728b)
Start importing Assets/Editor/RoadArchitect/RoadArchitect-master/Materials/Markers/Textures/GSDInterCenter-None-2L.png using Guid(650cfb434396fd246a19fec69e6f4e14) Importer(815301076,1909f56bfc062723c751e8b465ee728b)  -> (artifact id: 'd789ae89d81f1df8e4b66573514e7eb1') in 0.031168 seconds
Number of updated asset objects reloaded before import = 0
Number of asset objects unloaded after import = 2
========================================================================
Received Import Request.
  Time since last request: 230.345044 seconds.
  path: Assets/Editor/RoadArchitect/RoadArchitect-master/Materials/Textures/GSDConcrete9_Normal.png
  artifactKey: Guid(1f2a48ccf76ddd7438aa2816e5009b62) Importer(815301076,1909f56bfc062723c751e8b465ee728b)
Start importing Assets/Editor/RoadArchitect/RoadArchitect-master/Materials/Textures/GSDConcrete9_Normal.png using Guid(1f2a48ccf76ddd7438aa2816e5009b62) Importer(815301076,1909f56bfc062723c751e8b465ee728b)  -> (artifact id: 'f23a76606c32163067b0b7149d70419e') in 0.041908 seconds
Number of updated asset objects reloaded before import = 0
Number of asset objects unloaded after import = 2
========================================================================
Received Import Request.
  Time since last request: 1277.044531 seconds.
  path: Assets/Textures/bricks-heap1.jpeg
  artifactKey: Guid(404344f6c38b21e49984581c913a4354) Importer(815301076,1909f56bfc062723c751e8b465ee728b)
Start importing Assets/Textures/bricks-heap1.jpeg using Guid(404344f6c38b21e49984581c913a4354) Importer(815301076,1909f56bfc062723c751e8b465ee728b)  -> (artifact id: '8480e8b442c968f581738573517070dd') in 0.037387 seconds
Number of updated asset objects reloaded before import = 0
Number of asset objects unloaded after import = 2
